mode: set
github.com/vsp/platform/internal/gate/engine.go:34.31,41.2 1 1
github.com/vsp/platform/internal/gate/engine.go:57.62,61.42 2 1
github.com/vsp/platform/internal/gate/engine.go:61.42,68.3 1 1
github.com/vsp/platform/internal/gate/engine.go:71.2,71.39 1 1
github.com/vsp/platform/internal/gate/engine.go:71.39,78.3 1 1
github.com/vsp/platform/internal/gate/engine.go:81.2,81.48 1 1
github.com/vsp/platform/internal/gate/engine.go:81.48,88.3 1 1
github.com/vsp/platform/internal/gate/engine.go:91.2,91.48 1 1
github.com/vsp/platform/internal/gate/engine.go:91.48,93.28 2 1
github.com/vsp/platform/internal/gate/engine.go:93.28,95.4 1 1
github.com/vsp/platform/internal/gate/engine.go:96.3,101.4 1 1
github.com/vsp/platform/internal/gate/engine.go:105.2,105.32 1 1
github.com/vsp/platform/internal/gate/engine.go:105.32,112.3 1 1
github.com/vsp/platform/internal/gate/engine.go:114.2,119.3 1 1
github.com/vsp/platform/internal/gate/engine.go:126.35,134.15 6 1
github.com/vsp/platform/internal/gate/engine.go:134.15,136.3 1 0
github.com/vsp/platform/internal/gate/engine.go:137.2,137.14 1 1
github.com/vsp/platform/internal/gate/engine.go:140.29,141.13 1 1
github.com/vsp/platform/internal/gate/engine.go:141.13,141.27 1 1
github.com/vsp/platform/internal/gate/engine.go:142.2,142.10 1 1
github.com/vsp/platform/internal/gate/engine.go:154.40,155.9 1 1
github.com/vsp/platform/internal/gate/engine.go:156.22,157.13 1 1
github.com/vsp/platform/internal/gate/engine.go:158.19,159.13 1 1
github.com/vsp/platform/internal/gate/engine.go:160.34,161.13 1 1
github.com/vsp/platform/internal/gate/engine.go:162.34,163.13 1 1
github.com/vsp/platform/internal/gate/engine.go:164.10,165.13 1 1
github.com/vsp/platform/internal/auth/blacklist.go:16.63,23.2 2 0
github.com/vsp/platform/internal/auth/blacklist.go:26.97,28.14 2 0
github.com/vsp/platform/internal/auth/blacklist.go:28.14,30.3 1 0
github.com/vsp/platform/internal/auth/blacklist.go:31.2,32.44 2 0
github.com/vsp/platform/internal/auth/blacklist.go:36.78,40.2 3 0
github.com/vsp/platform/internal/auth/blacklist.go:43.102,46.14 3 0
github.com/vsp/platform/internal/auth/blacklist.go:46.14,48.3 1 0
github.com/vsp/platform/internal/auth/blacklist.go:49.2,49.58 1 0
github.com/vsp/platform/internal/auth/blacklist.go:53.101,56.16 3 0
github.com/vsp/platform/internal/auth/blacklist.go:56.16,58.3 1 0
github.com/vsp/platform/internal/auth/blacklist.go:60.2,62.36 3 0
github.com/vsp/platform/internal/auth/middleware.go:36.54,41.44 5 1
github.com/vsp/platform/internal/auth/middleware.go:41.44,43.3 1 1
github.com/vsp/platform/internal/auth/middleware.go:44.2,44.75 1 1
github.com/vsp/platform/internal/auth/middleware.go:60.89,61.46 1 1
github.com/vsp/platform/internal/auth/middleware.go:61.46,62.72 1 1
github.com/vsp/platform/internal/auth/middleware.go:62.72,67.47 3 1
github.com/vsp/platform/internal/auth/middleware.go:67.47,69.19 2 0
github.com/vsp/platform/internal/auth/middleware.go:69.19,73.6 3 0
github.com/vsp/platform/internal/auth/middleware.go:74.5,74.25 1 0
github.com/vsp/platform/internal/auth/middleware.go:78.4,78.11 1 1
github.com/vsp/platform/internal/auth/middleware.go:78.11,80.21 2 1
github.com/vsp/platform/internal/auth/middleware.go:80.21,82.20 2 1
github.com/vsp/platform/internal/auth/middleware.go:82.20,86.7 3 1
github.com/vsp/platform/internal/auth/middleware.go:87.6,87.26 1 1
github.com/vsp/platform/internal/auth/middleware.go:91.4,91.11 1 1
github.com/vsp/platform/internal/auth/middleware.go:91.11,94.5 2 1
github.com/vsp/platform/internal/auth/middleware.go:96.4,97.41 2 1
github.com/vsp/platform/internal/auth/middleware.go:104.67,106.26 2 1
github.com/vsp/platform/internal/auth/middleware.go:106.26,108.3 1 1
github.com/vsp/platform/internal/auth/middleware.go:109.2,109.46 1 1
github.com/vsp/platform/internal/auth/middleware.go:109.46,110.72 1 1
github.com/vsp/platform/internal/auth/middleware.go:110.72,112.31 2 1
github.com/vsp/platform/internal/auth/middleware.go:112.31,115.5 2 1
github.com/vsp/platform/internal/auth/middleware.go:116.4,116.24 1 1
github.com/vsp/platform/internal/auth/middleware.go:140.39,140.62 1 0
github.com/vsp/platform/internal/auth/middleware.go:143.75,147.47 3 1
github.com/vsp/platform/internal/auth/middleware.go:147.47,149.3 1 0
github.com/vsp/platform/internal/auth/middleware.go:150.2,164.43 4 1
github.com/vsp/platform/internal/auth/middleware.go:167.56,168.92 1 1
github.com/vsp/platform/internal/auth/middleware.go:168.92,169.54 1 1
github.com/vsp/platform/internal/auth/middleware.go:169.54,171.4 1 0
github.com/vsp/platform/internal/auth/middleware.go:172.3,172.29 1 1
github.com/vsp/platform/internal/auth/middleware.go:174.2,174.32 1 1
github.com/vsp/platform/internal/auth/middleware.go:174.32,176.3 1 1
github.com/vsp/platform/internal/auth/middleware.go:177.2,178.9 2 1
github.com/vsp/platform/internal/auth/middleware.go:178.9,180.3 1 0
github.com/vsp/platform/internal/auth/middleware.go:182.2,182.28 1 1
github.com/vsp/platform/internal/auth/middleware.go:182.28,184.72 2 0
github.com/vsp/platform/internal/auth/middleware.go:184.72,186.4 1 0
github.com/vsp/platform/internal/auth/middleware.go:187.3,187.85 1 0
github.com/vsp/platform/internal/auth/middleware.go:187.85,189.4 1 0
github.com/vsp/platform/internal/auth/middleware.go:191.2,196.8 1 1
github.com/vsp/platform/internal/auth/middleware.go:199.66,205.2 5 1
github.com/vsp/platform/internal/auth/oidc.go:73.38,75.40 2 0
github.com/vsp/platform/internal/auth/oidc.go:75.40,75.58 1 0
github.com/vsp/platform/internal/auth/oidc.go:76.2,76.50 1 0
github.com/vsp/platform/internal/auth/oidc.go:80.56,89.2 2 0
github.com/vsp/platform/internal/auth/oidc.go:92.102,103.16 4 0
github.com/vsp/platform/internal/auth/oidc.go:103.16,103.26 1 0
github.com/vsp/platform/internal/auth/oidc.go:104.2,109.16 5 0
github.com/vsp/platform/internal/auth/oidc.go:109.16,109.26 1 0
github.com/vsp/platform/internal/auth/oidc.go:110.2,116.63 3 0
github.com/vsp/platform/internal/auth/oidc.go:116.63,116.73 1 0
github.com/vsp/platform/internal/auth/oidc.go:117.2,117.21 1 0
github.com/vsp/platform/internal/auth/oidc.go:117.21,117.74 2 0
github.com/vsp/platform/internal/auth/oidc.go:118.2,119.8 2 0
github.com/vsp/platform/internal/auth/oidc.go:130.97,132.16 2 0
github.com/vsp/platform/internal/auth/oidc.go:132.16,132.35 1 0
github.com/vsp/platform/internal/auth/oidc.go:133.2,138.16 5 0
github.com/vsp/platform/internal/auth/oidc.go:138.16,138.35 1 0
github.com/vsp/platform/internal/auth/oidc.go:139.2,142.65 3 0
github.com/vsp/platform/internal/auth/oidc.go:142.65,142.84 1 0
github.com/vsp/platform/internal/auth/oidc.go:144.2,144.41 1 0
github.com/vsp/platform/internal/auth/oidc.go:144.41,144.67 1 0
github.com/vsp/platform/internal/auth/oidc.go:145.2,145.20 1 0
github.com/vsp/platform/internal/auth/oidc.go:145.20,145.45 1 0
github.com/vsp/platform/internal/auth/oidc.go:146.2,146.19 1 0
github.com/vsp/platform/internal/auth/oidc.go:150.58,152.21 2 0
github.com/vsp/platform/internal/auth/oidc.go:152.21,154.43 2 0
github.com/vsp/platform/internal/auth/oidc.go:154.43,155.19 1 0
github.com/vsp/platform/internal/auth/oidc.go:155.19,155.37 1 0
github.com/vsp/platform/internal/auth/oidc.go:158.2,158.32 1 0
github.com/vsp/platform/internal/auth/oidc.go:158.32,158.63 1 0
github.com/vsp/platform/internal/auth/oidc.go:159.2,159.18 1 0
github.com/vsp/platform/internal/auth/totp.go:16.43,18.40 2 1
github.com/vsp/platform/internal/auth/totp.go:18.40,20.3 1 0
github.com/vsp/platform/internal/auth/totp.go:21.2,21.80 1 1
github.com/vsp/platform/internal/auth/totp.go:25.59,28.16 3 1
github.com/vsp/platform/internal/auth/totp.go:28.16,30.3 1 0
github.com/vsp/platform/internal/auth/totp.go:31.2,41.47 9 1
github.com/vsp/platform/internal/auth/totp.go:45.43,47.40 2 1
github.com/vsp/platform/internal/auth/totp.go:47.40,50.17 3 1
github.com/vsp/platform/internal/auth/totp.go:50.17,52.4 1 0
github.com/vsp/platform/internal/auth/totp.go:53.3,53.42 1 1
github.com/vsp/platform/internal/auth/totp.go:53.42,55.4 1 1
github.com/vsp/platform/internal/auth/totp.go:57.2,57.14 1 1
github.com/vsp/platform/internal/auth/totp.go:61.63,64.2 1 1
github.com/vsp/platform/internal/api/versioning/versioning.go:17.46,19.13 2 1
github.com/vsp/platform/internal/api/versioning/versioning.go:19.13,21.3 1 1
github.com/vsp/platform/internal/api/versioning/versioning.go:22.2,22.10 1 1
github.com/vsp/platform/internal/api/versioning/versioning.go:25.49,26.71 1 1
github.com/vsp/platform/internal/api/versioning/versioning.go:26.71,31.3 4 1
github.com/vsp/platform/internal/api/versioning/versioning.go:34.41,36.42 2 1
github.com/vsp/platform/internal/api/versioning/versioning.go:36.42,37.19 1 1
github.com/vsp/platform/internal/api/versioning/versioning.go:38.19,39.19 1 1
github.com/vsp/platform/internal/api/versioning/versioning.go:42.2,42.16 1 1
github.com/vsp/platform/internal/api/versioning/versioning.go:45.81,46.46 1 1
github.com/vsp/platform/internal/api/versioning/versioning.go:46.46,47.72 1 1
github.com/vsp/platform/internal/api/versioning/versioning.go:47.72,50.23 3 1
github.com/vsp/platform/internal/api/versioning/versioning.go:50.23,52.5 1 1
github.com/vsp/platform/internal/api/versioning/versioning.go:53.4,53.24 1 1
github.com/vsp/platform/internal/api/middleware/csp.go:18.47,19.71 1 1
github.com/vsp/platform/internal/api/middleware/csp.go:19.71,39.3 10 1
github.com/vsp/platform/internal/api/middleware/csp.go:42.43,45.2 2 1
github.com/vsp/platform/internal/api/middleware/csp.go:55.70,56.26 1 0
github.com/vsp/platform/internal/api/middleware/csp.go:56.26,59.17 3 0
github.com/vsp/platform/internal/api/middleware/csp.go:59.17,62.4 2 0
github.com/vsp/platform/internal/api/middleware/csp.go:63.3,63.69 1 0
github.com/vsp/platform/internal/api/middleware/csp.go:65.2,65.32 1 0
github.com/vsp/platform/internal/api/middleware/csp.go:68.61,69.54 1 0
github.com/vsp/platform/internal/api/middleware/csp.go:69.54,71.17 2 0
github.com/vsp/platform/internal/api/middleware/csp.go:71.17,74.4 2 0
github.com/vsp/platform/internal/api/middleware/csp.go:75.3,78.66 4 0
github.com/vsp/platform/internal/api/middleware/csp.go:78.66,80.4 1 0
github.com/vsp/platform/internal/api/middleware/csp.go:84.53,88.2 3 1
github.com/vsp/platform/internal/api/middleware/logging.go:12.52,13.71 1 1
github.com/vsp/platform/internal/api/middleware/logging.go:13.71,24.16 6 1
github.com/vsp/platform/internal/api/middleware/logging.go:24.16,27.19 3 1
github.com/vsp/platform/internal/api/middleware/logging.go:27.19,29.5 1 0
github.com/vsp/platform/internal/api/middleware/logging.go:30.4,31.11 2 1
github.com/vsp/platform/internal/api/middleware/logging.go:32.23,33.27 1 0
github.com/vsp/platform/internal/api/middleware/logging.go:34.23,35.26 1 0
github.com/vsp/platform/internal/api/middleware/logging.go:36.12,37.26 1 1
github.com/vsp/platform/internal/api/middleware/logging.go:39.4,42.16 1 1
github.com/vsp/platform/internal/api/middleware/logging.go:44.3,44.41 1 1
github.com/vsp/platform/internal/api/middleware/logging.go:48.56,50.2 1 0
github.com/vsp/platform/internal/api/middleware/ratelimit.go:18.65,25.12 2 1
github.com/vsp/platform/internal/api/middleware/ratelimit.go:25.12,27.22 2 1
github.com/vsp/platform/internal/api/middleware/ratelimit.go:27.22,30.37 3 0
github.com/vsp/platform/internal/api/middleware/ratelimit.go:30.37,32.29 2 0
github.com/vsp/platform/internal/api/middleware/ratelimit.go:32.29,33.25 1 0
github.com/vsp/platform/internal/api/middleware/ratelimit.go:33.25,35.7 1 0
github.com/vsp/platform/internal/api/middleware/ratelimit.go:37.5,37.24 1 0
github.com/vsp/platform/internal/api/middleware/ratelimit.go:37.24,39.6 1 0
github.com/vsp/platform/internal/api/middleware/ratelimit.go:39.11,41.6 1 0
github.com/vsp/platform/internal/api/middleware/ratelimit.go:43.4,43.18 1 0
github.com/vsp/platform/internal/api/middleware/ratelimit.go:46.2,46.11 1 1
github.com/vsp/platform/internal/api/middleware/ratelimit.go:49.47,56.26 7 1
github.com/vsp/platform/internal/api/middleware/ratelimit.go:56.26,57.22 1 1
github.com/vsp/platform/internal/api/middleware/ratelimit.go:57.22,59.4 1 1
github.com/vsp/platform/internal/api/middleware/ratelimit.go:61.2,61.26 1 1
github.com/vsp/platform/internal/api/middleware/ratelimit.go:61.26,64.3 2 1
github.com/vsp/platform/internal/api/middleware/ratelimit.go:65.2,66.13 2 1
github.com/vsp/platform/internal/api/middleware/ratelimit.go:70.37,71.55 1 1
github.com/vsp/platform/internal/api/middleware/ratelimit.go:71.55,72.55 1 0
github.com/vsp/platform/internal/api/middleware/ratelimit.go:72.55,74.4 1 0
github.com/vsp/platform/internal/api/middleware/ratelimit.go:76.2,76.49 1 1
github.com/vsp/platform/internal/api/middleware/ratelimit.go:76.49,78.3 1 0
github.com/vsp/platform/internal/api/middleware/ratelimit.go:80.2,81.50 2 1
github.com/vsp/platform/internal/api/middleware/ratelimit.go:81.50,83.3 1 1
github.com/vsp/platform/internal/api/middleware/ratelimit.go:84.2,84.11 1 1
github.com/vsp/platform/internal/api/middleware/ratelimit.go:88.67,89.71 1 1
github.com/vsp/platform/internal/api/middleware/ratelimit.go:89.71,91.20 2 1
github.com/vsp/platform/internal/api/middleware/ratelimit.go:91.20,99.4 7 1
github.com/vsp/platform/internal/api/middleware/ratelimit.go:100.3,100.23 1 1
github.com/vsp/platform/internal/api/middleware/ratelimit.go:106.83,109.2 2 0
github.com/vsp/platform/internal/api/middleware/ratelimit.go:114.71,115.71 1 0
github.com/vsp/platform/internal/api/middleware/ratelimit.go:115.71,119.16 3 0
github.com/vsp/platform/internal/api/middleware/ratelimit.go:119.16,122.4 1 0
github.com/vsp/platform/internal/api/middleware/ratelimit.go:122.9,124.4 1 0
github.com/vsp/platform/internal/api/middleware/ratelimit.go:125.3,125.21 1 0
github.com/vsp/platform/internal/api/middleware/ratelimit.go:125.21,131.4 5 0
github.com/vsp/platform/internal/api/middleware/ratelimit.go:132.3,132.23 1 0
github.com/vsp/platform/internal/api/middleware/ratelimit.go:138.88,141.2 2 0
github.com/vsp/platform/internal/api/handler/apikeys.go:21.64,24.16 3 0
github.com/vsp/platform/internal/api/handler/apikeys.go:24.16,27.3 2 0
github.com/vsp/platform/internal/api/handler/apikeys.go:28.2,28.61 1 0
github.com/vsp/platform/internal/api/handler/apikeys.go:32.66,40.61 3 0
github.com/vsp/platform/internal/api/handler/apikeys.go:40.61,43.3 2 0
github.com/vsp/platform/internal/api/handler/apikeys.go:44.2,44.21 1 0
github.com/vsp/platform/internal/api/handler/apikeys.go:44.21,47.3 2 0
github.com/vsp/platform/internal/api/handler/apikeys.go:49.2,50.20 2 0
github.com/vsp/platform/internal/api/handler/apikeys.go:50.20,50.44 1 0
github.com/vsp/platform/internal/api/handler/apikeys.go:51.2,51.27 1 0
github.com/vsp/platform/internal/api/handler/apikeys.go:51.27,54.3 2 0
github.com/vsp/platform/internal/api/handler/apikeys.go:56.2,56.25 1 0
github.com/vsp/platform/internal/api/handler/apikeys.go:56.25,56.48 1 0
github.com/vsp/platform/internal/api/handler/apikeys.go:57.2,57.26 1 0
github.com/vsp/platform/internal/api/handler/apikeys.go:57.26,57.50 1 0
github.com/vsp/platform/internal/api/handler/apikeys.go:60.2,61.42 2 0
github.com/vsp/platform/internal/api/handler/apikeys.go:61.42,64.3 2 0
github.com/vsp/platform/internal/api/handler/apikeys.go:65.2,73.16 6 0
github.com/vsp/platform/internal/api/handler/apikeys.go:73.16,76.3 2 0
github.com/vsp/platform/internal/api/handler/apikeys.go:79.2,88.4 2 0
github.com/vsp/platform/internal/api/handler/apikeys.go:92.66,95.76 3 0
github.com/vsp/platform/internal/api/handler/apikeys.go:95.76,98.3 2 0
github.com/vsp/platform/internal/api/handler/apikeys.go:99.2,99.37 1 0
github.com/vsp/platform/internal/api/handler/assets.go:30.63,42.16 4 0
github.com/vsp/platform/internal/api/handler/assets.go:42.16,45.19 3 0
github.com/vsp/platform/internal/api/handler/assets.go:45.19,50.54 4 0
github.com/vsp/platform/internal/api/handler/assets.go:50.54,51.13 1 0
github.com/vsp/platform/internal/api/handler/assets.go:53.4,57.21 5 0
github.com/vsp/platform/internal/api/handler/assets.go:57.21,57.44 1 0
github.com/vsp/platform/internal/api/handler/assets.go:58.4,58.30 1 0
github.com/vsp/platform/internal/api/handler/assets.go:63.2,76.17 2 0
github.com/vsp/platform/internal/api/handler/assets.go:76.17,79.20 3 0
github.com/vsp/platform/internal/api/handler/assets.go:79.20,92.4 12 0
github.com/vsp/platform/internal/api/handler/assets.go:95.2,95.19 1 0
github.com/vsp/platform/internal/api/handler/assets.go:95.19,95.41 1 0
github.com/vsp/platform/internal/api/handler/assets.go:96.2,96.67 1 0
github.com/vsp/platform/internal/api/handler/assets.go:100.66,126.2 7 0
github.com/vsp/platform/internal/api/handler/assets.go:129.67,135.41 4 0
github.com/vsp/platform/internal/api/handler/assets.go:135.41,137.3 1 0
github.com/vsp/platform/internal/api/handler/assets.go:139.2,146.16 2 0
github.com/vsp/platform/internal/api/handler/assets.go:146.16,149.3 2 0
github.com/vsp/platform/internal/api/handler/assets.go:150.2,162.18 4 0
github.com/vsp/platform/internal/api/handler/assets.go:162.18,166.3 3 0
github.com/vsp/platform/internal/api/handler/assets.go:167.2,167.16 1 0
github.com/vsp/platform/internal/api/handler/assets.go:167.16,167.31 1 0
github.com/vsp/platform/internal/api/handler/assets.go:168.2,168.63 1 0
github.com/vsp/platform/internal/api/handler/assets.go:172.65,181.61 3 0
github.com/vsp/platform/internal/api/handler/assets.go:181.61,184.3 2 0
github.com/vsp/platform/internal/api/handler/assets.go:185.2,185.20 1 0
github.com/vsp/platform/internal/api/handler/assets.go:185.20,188.3 2 0
github.com/vsp/platform/internal/api/handler/assets.go:189.2,189.21 1 0
github.com/vsp/platform/internal/api/handler/assets.go:189.21,189.46 1 0
github.com/vsp/platform/internal/api/handler/assets.go:190.2,198.16 3 0
github.com/vsp/platform/internal/api/handler/assets.go:198.16,201.3 2 0
github.com/vsp/platform/internal/api/handler/assets.go:202.2,203.55 2 0
github.com/vsp/platform/internal/api/handler/assets.go:206.39,207.15 1 0
github.com/vsp/platform/internal/api/handler/assets.go:208.48,208.64 1 0
github.com/vsp/platform/internal/api/handler/assets.go:209.15,209.29 1 0
github.com/vsp/platform/internal/api/handler/assets.go:210.12,210.30 1 0
github.com/vsp/platform/internal/api/handler/assets.go:211.15,211.30 1 0
github.com/vsp/platform/internal/api/handler/assets.go:212.23,212.38 1 0
github.com/vsp/platform/internal/api/handler/assets.go:213.10,213.29 1 0
github.com/vsp/platform/internal/api/handler/assets.go:217.42,219.17 2 0
github.com/vsp/platform/internal/api/handler/assets.go:219.17,219.32 1 0
github.com/vsp/platform/internal/api/handler/assets.go:220.2,220.14 1 0
github.com/vsp/platform/internal/api/handler/audit.go:18.62,26.16 6 0
github.com/vsp/platform/internal/api/handler/audit.go:26.16,29.3 2 0
github.com/vsp/platform/internal/api/handler/audit.go:30.2,30.20 1 0
github.com/vsp/platform/internal/api/handler/audit.go:30.20,32.3 1 0
github.com/vsp/platform/internal/api/handler/audit.go:33.2,38.4 1 0
github.com/vsp/platform/internal/api/handler/audit.go:42.64,45.16 3 0
github.com/vsp/platform/internal/api/handler/audit.go:45.16,47.24 2 0
github.com/vsp/platform/internal/api/handler/audit.go:47.24,49.4 1 0
github.com/vsp/platform/internal/api/handler/audit.go:50.3,58.9 4 0
github.com/vsp/platform/internal/api/handler/audit.go:60.2,64.4 1 0
github.com/vsp/platform/internal/api/handler/audit.go:70.108,72.16 2 0
github.com/vsp/platform/internal/api/handler/audit.go:72.16,74.3 1 0
github.com/vsp/platform/internal/api/handler/audit.go:75.2,76.30 2 0
github.com/vsp/platform/internal/api/handler/audit.go:76.30,78.22 2 0
github.com/vsp/platform/internal/api/handler/audit.go:78.22,80.4 1 0
github.com/vsp/platform/internal/api/handler/audit.go:81.3,90.5 1 0
github.com/vsp/platform/internal/api/handler/audit.go:92.2,92.21 1 0
github.com/vsp/platform/internal/api/handler/audit.go:95.91,97.20 2 0
github.com/vsp/platform/internal/api/handler/audit.go:97.20,99.3 1 0
github.com/vsp/platform/internal/api/handler/audit.go:100.2,102.17 2 0
github.com/vsp/platform/internal/api/handler/auth.go:48.62,50.61 2 0
github.com/vsp/platform/internal/api/handler/auth.go:50.61,53.3 2 0
github.com/vsp/platform/internal/api/handler/auth.go:54.2,55.43 2 0
github.com/vsp/platform/internal/api/handler/auth.go:55.43,58.3 2 0
github.com/vsp/platform/internal/api/handler/auth.go:61.2,65.16 3 0
github.com/vsp/platform/internal/api/handler/auth.go:65.16,69.3 3 0
github.com/vsp/platform/internal/api/handler/auth.go:70.2,70.17 1 0
github.com/vsp/platform/internal/api/handler/auth.go:70.17,73.3 2 0
github.com/vsp/platform/internal/api/handler/auth.go:76.2,76.69 1 0
github.com/vsp/platform/internal/api/handler/auth.go:76.69,81.3 4 0
github.com/vsp/platform/internal/api/handler/auth.go:84.2,84.97 1 0
github.com/vsp/platform/internal/api/handler/auth.go:84.97,89.17 4 0
github.com/vsp/platform/internal/api/handler/auth.go:89.17,91.4 1 0
github.com/vsp/platform/internal/api/handler/auth.go:91.9,93.4 1 0
github.com/vsp/platform/internal/api/handler/auth.go:94.3,94.9 1 0
github.com/vsp/platform/internal/api/handler/auth.go:98.2,98.41 1 0
github.com/vsp/platform/internal/api/handler/auth.go:98.41,99.24 1 0
github.com/vsp/platform/internal/api/handler/auth.go:99.24,108.4 4 0
github.com/vsp/platform/internal/api/handler/auth.go:109.3,109.52 1 0
github.com/vsp/platform/internal/api/handler/auth.go:109.52,114.4 4 0
github.com/vsp/platform/internal/api/handler/auth.go:118.2,122.14 3 0
github.com/vsp/platform/internal/api/handler/auth.go:122.14,124.3 1 0
github.com/vsp/platform/internal/api/handler/auth.go:125.2,132.16 3 0
github.com/vsp/platform/internal/api/handler/auth.go:132.16,136.3 3 0
github.com/vsp/platform/internal/api/handler/auth.go:139.2,152.4 3 0
github.com/vsp/platform/internal/api/handler/auth.go:158.63,160.8 2 0
github.com/vsp/platform/internal/api/handler/auth.go:160.8,162.3 1 0
github.com/vsp/platform/internal/api/handler/auth.go:163.2,163.55 1 0
github.com/vsp/platform/internal/api/handler/auth.go:167.64,169.9 2 0
github.com/vsp/platform/internal/api/handler/auth.go:169.9,172.3 2 0
github.com/vsp/platform/internal/api/handler/auth.go:173.2,174.14 2 0
github.com/vsp/platform/internal/api/handler/auth.go:174.14,176.3 1 0
github.com/vsp/platform/internal/api/handler/auth.go:177.2,178.16 2 0
github.com/vsp/platform/internal/api/handler/auth.go:178.16,181.3 2 0
github.com/vsp/platform/internal/api/handler/auth.go:182.2,185.4 1 0
github.com/vsp/platform/internal/api/handler/auth.go:190.102,202.2 4 0
github.com/vsp/platform/internal/api/handler/auth.go:204.33,205.14 1 0
github.com/vsp/platform/internal/api/handler/auth.go:205.14,205.27 1 0
github.com/vsp/platform/internal/api/handler/auth.go:206.2,206.11 1 0
github.com/vsp/platform/internal/api/handler/auth_sso.go:13.90,19.72 3 0
github.com/vsp/platform/internal/api/handler/auth_sso.go:19.72,20.27 1 0
github.com/vsp/platform/internal/api/handler/auth_sso.go:20.27,21.24 1 0
github.com/vsp/platform/internal/api/handler/auth_sso.go:21.24,25.10 4 0
github.com/vsp/platform/internal/api/handler/auth_sso.go:30.2,41.16 4 0
github.com/vsp/platform/internal/api/handler/auth_sso.go:41.16,41.64 1 0
github.com/vsp/platform/internal/api/handler/auth_sso.go:42.2,42.20 1 0
github.com/vsp/platform/internal/api/handler/compliance.go:56.70,71.27 5 0
github.com/vsp/platform/internal/api/handler/compliance.go:71.27,72.27 1 0
github.com/vsp/platform/internal/api/handler/compliance.go:72.27,73.42 1 0
github.com/vsp/platform/internal/api/handler/compliance.go:73.42,75.5 1 0
github.com/vsp/platform/internal/api/handler/compliance.go:80.2,81.36 2 0
github.com/vsp/platform/internal/api/handler/compliance.go:81.36,83.23 2 0
github.com/vsp/platform/internal/api/handler/compliance.go:83.23,83.38 1 0
github.com/vsp/platform/internal/api/handler/compliance.go:84.3,86.23 3 0
github.com/vsp/platform/internal/api/handler/compliance.go:86.23,87.26 1 0
github.com/vsp/platform/internal/api/handler/compliance.go:87.26,87.57 1 0
github.com/vsp/platform/internal/api/handler/compliance.go:88.9,90.32 1 0
github.com/vsp/platform/internal/api/handler/compliance.go:90.32,91.40 1 0
github.com/vsp/platform/internal/api/handler/compliance.go:91.40,93.11 2 0
github.com/vsp/platform/internal/api/handler/compliance.go:97.3,97.21 1 0
github.com/vsp/platform/internal/api/handler/compliance.go:100.2,101.29 2 0
github.com/vsp/platform/internal/api/handler/compliance.go:101.29,102.32 1 0
github.com/vsp/platform/internal/api/handler/compliance.go:102.32,102.46 1 0
github.com/vsp/platform/internal/api/handler/compliance.go:105.2,111.4 1 0
github.com/vsp/platform/internal/api/handler/compliance.go:115.67,121.34 5 0
github.com/vsp/platform/internal/api/handler/compliance.go:121.34,123.23 2 0
github.com/vsp/platform/internal/api/handler/compliance.go:123.23,123.36 1 0
github.com/vsp/platform/internal/api/handler/compliance.go:124.3,125.14 2 0
github.com/vsp/platform/internal/api/handler/compliance.go:125.14,125.43 1 0
github.com/vsp/platform/internal/api/handler/compliance.go:126.3,126.20 1 0
github.com/vsp/platform/internal/api/handler/compliance.go:129.2,130.30 2 0
github.com/vsp/platform/internal/api/handler/compliance.go:130.30,131.32 1 0
github.com/vsp/platform/internal/api/handler/compliance.go:131.32,131.46 1 0
github.com/vsp/platform/internal/api/handler/compliance.go:134.2,140.4 1 0
github.com/vsp/platform/internal/api/handler/compliance.go:144.70,148.19 4 0
github.com/vsp/platform/internal/api/handler/compliance.go:148.19,148.40 1 0
github.com/vsp/platform/internal/api/handler/compliance.go:149.2,162.4 1 0
github.com/vsp/platform/internal/api/handler/compliance.go:166.72,173.2 1 0
github.com/vsp/platform/internal/api/handler/export.go:21.64,26.30 4 0
github.com/vsp/platform/internal/api/handler/export.go:26.30,29.3 2 0
github.com/vsp/platform/internal/api/handler/export.go:31.2,40.15 6 0
github.com/vsp/platform/internal/api/handler/export.go:44.62,49.30 4 0
github.com/vsp/platform/internal/api/handler/export.go:49.30,52.3 2 0
github.com/vsp/platform/internal/api/handler/export.go:54.2,63.29 6 0
github.com/vsp/platform/internal/api/handler/export.go:63.29,64.24 1 0
github.com/vsp/platform/internal/api/handler/export.go:64.24,64.34 1 0
github.com/vsp/platform/internal/api/handler/export.go:65.3,69.5 1 0
github.com/vsp/platform/internal/api/handler/export.go:71.2,71.12 1 0
github.com/vsp/platform/internal/api/handler/export.go:75.63,80.30 4 0
github.com/vsp/platform/internal/api/handler/export.go:80.30,83.3 2 0
github.com/vsp/platform/internal/api/handler/export.go:85.2,89.29 3 0
github.com/vsp/platform/internal/api/handler/export.go:89.29,90.24 1 0
github.com/vsp/platform/internal/api/handler/export.go:90.24,92.4 1 0
github.com/vsp/platform/internal/api/handler/export.go:95.2,104.4 3 0
github.com/vsp/platform/internal/api/handler/findings.go:15.65,21.18 4 0
github.com/vsp/platform/internal/api/handler/findings.go:21.18,21.34 1 0
github.com/vsp/platform/internal/api/handler/findings.go:22.2,22.17 1 0
github.com/vsp/platform/internal/api/handler/findings.go:22.17,22.32 1 0
github.com/vsp/platform/internal/api/handler/findings.go:24.2,25.23 2 0
github.com/vsp/platform/internal/api/handler/findings.go:25.23,25.48 1 0
github.com/vsp/platform/internal/api/handler/findings.go:27.2,35.16 2 0
github.com/vsp/platform/internal/api/handler/findings.go:35.16,38.3 2 0
github.com/vsp/platform/internal/api/handler/findings.go:39.2,39.21 1 0
github.com/vsp/platform/internal/api/handler/findings.go:39.21,41.3 1 0
github.com/vsp/platform/internal/api/handler/findings.go:42.2,47.4 1 0
github.com/vsp/platform/internal/api/handler/findings.go:52.68,57.56 3 0
github.com/vsp/platform/internal/api/handler/findings.go:57.56,59.17 2 0
github.com/vsp/platform/internal/api/handler/findings.go:59.17,60.29 1 0
github.com/vsp/platform/internal/api/handler/findings.go:60.29,61.54 1 0
github.com/vsp/platform/internal/api/handler/findings.go:61.54,63.11 2 0
github.com/vsp/platform/internal/api/handler/findings.go:69.2,70.16 2 0
github.com/vsp/platform/internal/api/handler/findings.go:70.16,73.3 2 0
github.com/vsp/platform/internal/api/handler/findings.go:74.2,74.14 1 0
github.com/vsp/platform/internal/api/handler/gate.go:19.63,22.30 3 0
github.com/vsp/platform/internal/api/handler/gate.go:22.30,25.3 2 0
github.com/vsp/platform/internal/api/handler/gate.go:26.2,33.4 2 0
github.com/vsp/platform/internal/api/handler/gate.go:37.70,40.30 3 0
github.com/vsp/platform/internal/api/handler/gate.go:40.30,43.3 2 0
github.com/vsp/platform/internal/api/handler/gate.go:44.2,53.4 2 0
github.com/vsp/platform/internal/api/handler/gate.go:57.65,65.61 3 0
github.com/vsp/platform/internal/api/handler/gate.go:65.61,68.3 2 0
github.com/vsp/platform/internal/api/handler/gate.go:70.2,72.19 3 0
github.com/vsp/platform/internal/api/handler/gate.go:72.19,74.3 1 0
github.com/vsp/platform/internal/api/handler/gate.go:74.8,76.3 1 0
github.com/vsp/platform/internal/api/handler/gate.go:77.2,77.30 1 0
github.com/vsp/platform/internal/api/handler/gate.go:77.30,80.3 2 0
github.com/vsp/platform/internal/api/handler/gate.go:82.2,84.20 3 0
github.com/vsp/platform/internal/api/handler/gate.go:84.20,93.3 2 0
github.com/vsp/platform/internal/api/handler/gate.go:95.2,106.4 3 0
github.com/vsp/platform/internal/api/handler/gate.go:110.66,113.16 3 0
github.com/vsp/platform/internal/api/handler/gate.go:113.16,116.3 2 0
github.com/vsp/platform/internal/api/handler/gate.go:117.2,117.18 1 0
github.com/vsp/platform/internal/api/handler/gate.go:117.18,119.3 1 0
github.com/vsp/platform/internal/api/handler/gate.go:120.2,120.64 1 0
github.com/vsp/platform/internal/api/handler/gate.go:124.67,127.61 3 0
github.com/vsp/platform/internal/api/handler/gate.go:127.61,130.3 2 0
github.com/vsp/platform/internal/api/handler/gate.go:131.2,132.27 2 0
github.com/vsp/platform/internal/api/handler/gate.go:132.27,132.51 1 0
github.com/vsp/platform/internal/api/handler/gate.go:133.2,133.27 1 0
github.com/vsp/platform/internal/api/handler/gate.go:133.27,133.52 1 0
github.com/vsp/platform/internal/api/handler/gate.go:134.2,134.27 1 0
github.com/vsp/platform/internal/api/handler/gate.go:134.27,134.50 1 0
github.com/vsp/platform/internal/api/handler/gate.go:135.2,135.27 1 0
github.com/vsp/platform/internal/api/handler/gate.go:135.27,135.47 1 0
github.com/vsp/platform/internal/api/handler/gate.go:136.2,140.16 4 0
github.com/vsp/platform/internal/api/handler/gate.go:140.16,143.3 2 0
github.com/vsp/platform/internal/api/handler/gate.go:144.2,145.17 2 0
github.com/vsp/platform/internal/api/handler/gate.go:149.67,154.2 4 0
github.com/vsp/platform/internal/api/handler/gate.go:157.49,158.16 1 0
github.com/vsp/platform/internal/api/handler/gate.go:158.16,160.3 1 0
github.com/vsp/platform/internal/api/handler/gate.go:162.2,163.56 2 0
github.com/vsp/platform/internal/api/handler/gate.go:163.56,165.3 1 0
github.com/vsp/platform/internal/api/handler/gate.go:166.2,166.27 1 0
github.com/vsp/platform/internal/api/handler/gate.go:166.27,167.24 1 0
github.com/vsp/platform/internal/api/handler/gate.go:168.12,168.24 1 0
github.com/vsp/platform/internal/api/handler/gate.go:169.16,169.30 1 0
github.com/vsp/platform/internal/api/handler/gate.go:170.11,170.24 1 0
github.com/vsp/platform/internal/api/handler/gate.go:173.2,173.29 1 0
github.com/vsp/platform/internal/api/handler/gate.go:173.29,175.3 2 0
github.com/vsp/platform/internal/api/handler/gate.go:176.2,183.3 1 0
github.com/vsp/platform/internal/api/handler/governance.go:16.84,19.40 2 0
github.com/vsp/platform/internal/api/handler/governance.go:19.40,21.3 1 0
github.com/vsp/platform/internal/api/handler/governance.go:22.2,26.17 2 0
github.com/vsp/platform/internal/api/handler/governance.go:29.80,31.37 2 0
github.com/vsp/platform/internal/api/handler/governance.go:31.37,31.51 1 0
github.com/vsp/platform/internal/api/handler/governance.go:32.2,32.20 1 0
github.com/vsp/platform/internal/api/handler/governance.go:36.75,40.18 4 0
github.com/vsp/platform/internal/api/handler/governance.go:40.18,40.53 1 0
github.com/vsp/platform/internal/api/handler/governance.go:41.2,41.64 1 0
github.com/vsp/platform/internal/api/handler/governance.go:45.75,49.17 4 0
github.com/vsp/platform/internal/api/handler/governance.go:49.17,49.58 1 0
github.com/vsp/platform/internal/api/handler/governance.go:50.2,50.61 1 0
github.com/vsp/platform/internal/api/handler/governance.go:54.76,59.2 4 0
github.com/vsp/platform/internal/api/handler/governance.go:62.67,64.2 1 0
github.com/vsp/platform/internal/api/handler/governance.go:67.72,80.2 2 0
github.com/vsp/platform/internal/api/handler/governance.go:83.71,87.27 4 0
github.com/vsp/platform/internal/api/handler/governance.go:87.27,88.27 1 0
github.com/vsp/platform/internal/api/handler/governance.go:88.27,88.37 1 0
github.com/vsp/platform/internal/api/handler/governance.go:89.3,99.5 1 0
github.com/vsp/platform/internal/api/handler/governance.go:101.2,101.73 1 0
github.com/vsp/platform/internal/api/handler/governance.go:105.77,107.2 1 0
github.com/vsp/platform/internal/api/handler/governance.go:110.76,114.2 3 0
github.com/vsp/platform/internal/api/handler/governance.go:117.81,122.2 4 0
github.com/vsp/platform/internal/api/handler/governance.go:125.70,131.2 5 0
github.com/vsp/platform/internal/api/handler/governance.go:134.72,139.2 4 0
github.com/vsp/platform/internal/api/handler/governance.go:143.72,148.29 4 0
github.com/vsp/platform/internal/api/handler/governance.go:148.29,149.19 1 0
github.com/vsp/platform/internal/api/handler/governance.go:149.19,149.51 1 0
github.com/vsp/platform/internal/api/handler/governance.go:151.2,168.29 4 0
github.com/vsp/platform/internal/api/handler/governance.go:168.29,168.52 1 0
github.com/vsp/platform/internal/api/handler/governance.go:169.2,169.28 1 0
github.com/vsp/platform/internal/api/handler/governance.go:169.28,171.30 2 0
github.com/vsp/platform/internal/api/handler/governance.go:171.30,171.62 1 0
github.com/vsp/platform/internal/api/handler/governance.go:173.2,173.70 1 0
github.com/vsp/platform/internal/api/handler/governance.go:177.72,181.29 4 0
github.com/vsp/platform/internal/api/handler/governance.go:181.29,182.55 1 0
github.com/vsp/platform/internal/api/handler/governance.go:182.55,182.65 1 0
github.com/vsp/platform/internal/api/handler/governance.go:183.3,191.5 1 0
github.com/vsp/platform/internal/api/handler/governance.go:193.2,193.22 1 0
github.com/vsp/platform/internal/api/handler/governance.go:193.22,193.56 1 0
github.com/vsp/platform/internal/api/handler/governance.go:194.2,194.76 1 0
github.com/vsp/platform/internal/api/handler/governance.go:198.74,202.29 4 0
github.com/vsp/platform/internal/api/handler/governance.go:202.29,203.45 1 0
github.com/vsp/platform/internal/api/handler/governance.go:203.45,205.4 1 0
github.com/vsp/platform/internal/api/handler/governance.go:207.2,211.4 1 0
github.com/vsp/platform/internal/api/handler/governance.go:215.80,219.27 4 0
github.com/vsp/platform/internal/api/handler/governance.go:219.27,220.27 1 0
github.com/vsp/platform/internal/api/handler/governance.go:220.27,220.37 1 0
github.com/vsp/platform/internal/api/handler/governance.go:221.3,229.5 1 0
github.com/vsp/platform/internal/api/handler/governance.go:231.2,231.72 1 0
github.com/vsp/platform/internal/api/handler/governance.go:234.26,236.2 1 0
github.com/vsp/platform/internal/api/handler/governance.go:238.24,239.11 1 0
github.com/vsp/platform/internal/api/handler/governance.go:239.11,239.23 1 0
github.com/vsp/platform/internal/api/handler/governance.go:240.2,240.10 1 0
github.com/vsp/platform/internal/api/handler/helpers.go:8.43,11.2 2 0
github.com/vsp/platform/internal/api/handler/helpers.go:13.61,17.2 3 1
github.com/vsp/platform/internal/api/handler/imports.go:16.68,19.63 3 0
github.com/vsp/platform/internal/api/handler/imports.go:19.63,21.3 2 0
github.com/vsp/platform/internal/api/handler/imports.go:22.2,23.29 2 0
github.com/vsp/platform/internal/api/handler/imports.go:23.29,25.69 2 0
github.com/vsp/platform/internal/api/handler/imports.go:25.69,25.83 1 0
github.com/vsp/platform/internal/api/handler/imports.go:27.2,27.70 1 0
github.com/vsp/platform/internal/api/handler/imports.go:31.68,34.16 3 0
github.com/vsp/platform/internal/api/handler/imports.go:34.16,34.80 2 0
github.com/vsp/platform/internal/api/handler/imports.go:35.2,39.16 4 0
github.com/vsp/platform/internal/api/handler/imports.go:39.16,39.78 2 0
github.com/vsp/platform/internal/api/handler/imports.go:40.2,40.22 1 0
github.com/vsp/platform/internal/api/handler/imports.go:40.22,40.74 2 0
github.com/vsp/platform/internal/api/handler/imports.go:43.2,44.34 2 0
github.com/vsp/platform/internal/api/handler/imports.go:44.34,45.19 1 0
github.com/vsp/platform/internal/api/handler/imports.go:45.19,45.29 1 0
github.com/vsp/platform/internal/api/handler/imports.go:46.3,47.13 2 0
github.com/vsp/platform/internal/api/handler/imports.go:49.2,49.87 1 0
github.com/vsp/platform/internal/api/handler/imports.go:53.65,59.63 2 0
github.com/vsp/platform/internal/api/handler/imports.go:59.63,61.3 2 0
github.com/vsp/platform/internal/api/handler/imports.go:62.2,66.4 1 0
github.com/vsp/platform/internal/api/handler/internal.go:32.73,37.18 2 0
github.com/vsp/platform/internal/api/handler/internal.go:37.18,37.52 1 0
github.com/vsp/platform/internal/api/handler/internal.go:39.2,44.15 4 0
github.com/vsp/platform/internal/api/handler/internal.go:44.15,46.40 2 0
github.com/vsp/platform/internal/api/handler/internal.go:46.40,51.28 5 0
github.com/vsp/platform/internal/api/handler/internal.go:51.28,53.10 2 0
github.com/vsp/platform/internal/api/handler/internal.go:57.2,57.26 1 0
github.com/vsp/platform/internal/api/handler/internal.go:57.26,60.3 2 0
github.com/vsp/platform/internal/api/handler/internal.go:62.2,63.65 2 0
github.com/vsp/platform/internal/api/handler/internal.go:63.65,66.3 2 0
github.com/vsp/platform/internal/api/handler/internal.go:68.2,71.72 2 0
github.com/vsp/platform/internal/api/handler/internal.go:71.72,75.3 3 0
github.com/vsp/platform/internal/api/handler/internal.go:78.2,80.37 3 0
github.com/vsp/platform/internal/api/handler/internal.go:80.37,82.27 2 0
github.com/vsp/platform/internal/api/handler/internal.go:82.27,82.48 1 0
github.com/vsp/platform/internal/api/handler/internal.go:84.2,109.51 5 0
github.com/vsp/platform/internal/api/handler/internal.go:109.51,111.3 1 0
github.com/vsp/platform/internal/api/handler/internal.go:113.2,127.4 2 0
github.com/vsp/platform/internal/api/handler/metrics.go:71.36,73.2 1 0
github.com/vsp/platform/internal/api/handler/metrics.go:76.62,79.2 2 0
github.com/vsp/platform/internal/api/handler/metrics.go:82.34,84.2 1 0
github.com/vsp/platform/internal/api/handler/metrics.go:87.54,92.2 4 0
github.com/vsp/platform/internal/api/handler/metrics.go:95.43,96.26 1 0
github.com/vsp/platform/internal/api/handler/metrics.go:96.26,98.3 1 0
github.com/vsp/platform/internal/api/handler/mfa.go:16.61,18.9 2 0
github.com/vsp/platform/internal/api/handler/mfa.go:18.9,21.3 2 0
github.com/vsp/platform/internal/api/handler/mfa.go:23.2,24.16 2 0
github.com/vsp/platform/internal/api/handler/mfa.go:24.16,27.3 2 0
github.com/vsp/platform/internal/api/handler/mfa.go:29.2,29.78 1 0
github.com/vsp/platform/internal/api/handler/mfa.go:29.78,32.3 2 0
github.com/vsp/platform/internal/api/handler/mfa.go:34.2,39.4 2 0
github.com/vsp/platform/internal/api/handler/mfa.go:43.62,45.9 2 0
github.com/vsp/platform/internal/api/handler/mfa.go:45.9,48.3 2 0
github.com/vsp/platform/internal/api/handler/mfa.go:50.2,53.61 2 0
github.com/vsp/platform/internal/api/handler/mfa.go:53.61,56.3 2 0
github.com/vsp/platform/internal/api/handler/mfa.go:58.2,59.31 2 0
github.com/vsp/platform/internal/api/handler/mfa.go:59.31,62.3 2 0
github.com/vsp/platform/internal/api/handler/mfa.go:64.2,64.48 1 0
github.com/vsp/platform/internal/api/handler/mfa.go:64.48,67.3 2 0
github.com/vsp/platform/internal/api/handler/mfa.go:69.2,69.72 1 0
github.com/vsp/platform/internal/api/handler/mfa.go:69.72,72.3 2 0
github.com/vsp/platform/internal/api/handler/mfa.go:74.2,77.4 1 0
github.com/vsp/platform/internal/api/handler/mfa.go:81.63,83.9 2 0
github.com/vsp/platform/internal/api/handler/mfa.go:83.9,86.3 2 0
github.com/vsp/platform/internal/api/handler/mfa.go:88.2,94.31 4 0
github.com/vsp/platform/internal/api/handler/mfa.go:94.31,97.3 2 0
github.com/vsp/platform/internal/api/handler/mfa.go:100.2,100.67 1 0
github.com/vsp/platform/internal/api/handler/mfa.go:100.67,103.3 2 0
github.com/vsp/platform/internal/api/handler/mfa.go:105.2,105.85 1 0
github.com/vsp/platform/internal/api/handler/mfa.go:105.85,108.3 2 0
github.com/vsp/platform/internal/api/handler/mfa.go:110.2,110.79 1 0
github.com/vsp/platform/internal/api/handler/notifications.go:12.71,16.16 3 0
github.com/vsp/platform/internal/api/handler/notifications.go:16.16,19.3 2 0
github.com/vsp/platform/internal/api/handler/notifications.go:21.2,56.28 5 0
github.com/vsp/platform/internal/api/handler/notifications.go:56.28,58.37 2 0
github.com/vsp/platform/internal/api/handler/notifications.go:58.37,60.4 1 0
github.com/vsp/platform/internal/api/handler/notifications.go:61.3,62.38 2 0
github.com/vsp/platform/internal/api/handler/notifications.go:62.38,64.4 1 0
github.com/vsp/platform/internal/api/handler/notifications.go:65.3,66.17 2 0
github.com/vsp/platform/internal/api/handler/notifications.go:66.17,68.4 1 0
github.com/vsp/platform/internal/api/handler/notifications.go:69.3,77.5 1 0
github.com/vsp/platform/internal/api/handler/notifications.go:80.2,83.4 1 0
github.com/vsp/platform/internal/api/handler/password.go:11.71,13.9 2 1
github.com/vsp/platform/internal/api/handler/password.go:13.9,16.3 2 1
github.com/vsp/platform/internal/api/handler/password.go:17.2,22.61 2 0
github.com/vsp/platform/internal/api/handler/password.go:22.61,25.3 2 0
github.com/vsp/platform/internal/api/handler/password.go:26.2,26.56 1 0
github.com/vsp/platform/internal/api/handler/password.go:26.56,29.3 2 0
github.com/vsp/platform/internal/api/handler/password.go:30.2,30.30 1 0
github.com/vsp/platform/internal/api/handler/password.go:30.30,33.3 2 0
github.com/vsp/platform/internal/api/handler/password.go:34.2,34.44 1 0
github.com/vsp/platform/internal/api/handler/password.go:34.44,37.3 2 0
github.com/vsp/platform/internal/api/handler/password.go:38.2,39.31 2 0
github.com/vsp/platform/internal/api/handler/password.go:39.31,42.3 2 0
github.com/vsp/platform/internal/api/handler/password.go:43.2,43.104 1 0
github.com/vsp/platform/internal/api/handler/password.go:43.104,47.3 3 0
github.com/vsp/platform/internal/api/handler/password.go:48.2,48.41 1 0
github.com/vsp/platform/internal/api/handler/password.go:48.41,49.24 1 0
github.com/vsp/platform/internal/api/handler/password.go:49.24,52.4 2 0
github.com/vsp/platform/internal/api/handler/password.go:53.3,53.52 1 0
github.com/vsp/platform/internal/api/handler/password.go:53.52,56.4 2 0
github.com/vsp/platform/internal/api/handler/password.go:58.2,59.26 2 0
github.com/vsp/platform/internal/api/handler/password.go:59.26,62.3 2 0
github.com/vsp/platform/internal/api/handler/password.go:63.2,64.16 2 0
github.com/vsp/platform/internal/api/handler/password.go:64.16,67.3 2 0
github.com/vsp/platform/internal/api/handler/password.go:68.2,68.89 1 0
github.com/vsp/platform/internal/api/handler/password.go:68.89,71.3 2 0
github.com/vsp/platform/internal/api/handler/password.go:72.2,74.74 3 0
github.com/vsp/platform/internal/api/handler/pdf.go:18.62,23.30 4 0
github.com/vsp/platform/internal/api/handler/pdf.go:23.30,26.3 2 0
github.com/vsp/platform/internal/api/handler/pdf.go:28.2,31.29 3 0
github.com/vsp/platform/internal/api/handler/pdf.go:31.29,32.24 1 0
github.com/vsp/platform/internal/api/handler/pdf.go:32.24,34.4 1 0
github.com/vsp/platform/internal/api/handler/pdf.go:38.2,42.16 3 0
github.com/vsp/platform/internal/api/handler/pdf.go:42.16,45.3 2 0
github.com/vsp/platform/internal/api/handler/pdf.go:46.2,48.58 2 0
github.com/vsp/platform/internal/api/handler/pdf.go:48.58,51.3 2 0
github.com/vsp/platform/internal/api/handler/pdf.go:52.2,57.19 3 0
github.com/vsp/platform/internal/api/handler/pdf.go:57.19,57.42 1 0
github.com/vsp/platform/internal/api/handler/pdf.go:58.2,74.4 5 0
github.com/vsp/platform/internal/api/handler/pdf.go:74.4,75.56 1 0
github.com/vsp/platform/internal/api/handler/pdf.go:75.56,76.12 1 0
github.com/vsp/platform/internal/api/handler/pdf.go:78.3,80.20 3 0
github.com/vsp/platform/internal/api/handler/pdf.go:80.20,81.9 1 0
github.com/vsp/platform/internal/api/handler/pdf.go:85.2,85.43 1 0
github.com/vsp/platform/internal/api/handler/pdf.go:85.43,93.3 5 0
github.com/vsp/platform/internal/api/handler/pdf.go:95.2,96.16 2 0
github.com/vsp/platform/internal/api/handler/pdf.go:96.16,99.3 2 0
github.com/vsp/platform/internal/api/handler/pdf.go:101.2,105.19 4 0
github.com/vsp/platform/internal/api/handler/pdf.go:108.35,111.2 2 0
github.com/vsp/platform/internal/api/handler/pdf.go:114.69,116.23 2 0
github.com/vsp/platform/internal/api/handler/pdf.go:116.23,117.21 1 0
github.com/vsp/platform/internal/api/handler/pdf.go:118.19,118.43 1 0
github.com/vsp/platform/internal/api/handler/pdf.go:119.15,119.39 1 0
github.com/vsp/platform/internal/api/handler/pdf.go:120.17,120.41 1 0
github.com/vsp/platform/internal/api/handler/pdf.go:121.14,121.38 1 0
github.com/vsp/platform/internal/api/handler/pdf.go:124.2,124.13 1 0
github.com/vsp/platform/internal/api/handler/remediation.go:15.68,19.16 4 0
github.com/vsp/platform/internal/api/handler/remediation.go:19.16,19.84 2 0
github.com/vsp/platform/internal/api/handler/remediation.go:20.2,20.17 1 0
github.com/vsp/platform/internal/api/handler/remediation.go:20.17,20.49 1 0
github.com/vsp/platform/internal/api/handler/remediation.go:21.2,21.69 1 0
github.com/vsp/platform/internal/api/handler/remediation.go:25.69,28.16 3 0
github.com/vsp/platform/internal/api/handler/remediation.go:28.16,28.84 2 0
github.com/vsp/platform/internal/api/handler/remediation.go:29.2,29.18 1 0
github.com/vsp/platform/internal/api/handler/remediation.go:33.67,37.16 4 0
github.com/vsp/platform/internal/api/handler/remediation.go:37.16,40.3 2 0
github.com/vsp/platform/internal/api/handler/remediation.go:42.2,43.21 2 0
github.com/vsp/platform/internal/api/handler/remediation.go:43.21,43.64 1 0
github.com/vsp/platform/internal/api/handler/remediation.go:44.2,44.69 1 0
github.com/vsp/platform/internal/api/handler/remediation.go:48.70,58.61 4 0
github.com/vsp/platform/internal/api/handler/remediation.go:58.61,60.3 2 0
github.com/vsp/platform/internal/api/handler/remediation.go:61.2,61.22 1 0
github.com/vsp/platform/internal/api/handler/remediation.go:61.22,61.45 1 0
github.com/vsp/platform/internal/api/handler/remediation.go:62.2,62.24 1 0
github.com/vsp/platform/internal/api/handler/remediation.go:62.24,62.47 1 0
github.com/vsp/platform/internal/api/handler/remediation.go:63.2,72.16 2 0
github.com/vsp/platform/internal/api/handler/remediation.go:72.16,72.103 2 0
github.com/vsp/platform/internal/api/handler/remediation.go:73.2,73.16 1 0
github.com/vsp/platform/internal/api/handler/remediation.go:77.74,83.79 4 0
github.com/vsp/platform/internal/api/handler/remediation.go:83.79,85.3 2 0
github.com/vsp/platform/internal/api/handler/remediation.go:86.2,87.16 2 0
github.com/vsp/platform/internal/api/handler/remediation.go:87.16,87.90 2 0
github.com/vsp/platform/internal/api/handler/remediation.go:88.2,89.14 2 0
github.com/vsp/platform/internal/api/handler/report.go:17.36,19.24 2 0
github.com/vsp/platform/internal/api/handler/report.go:19.24,19.36 1 0
github.com/vsp/platform/internal/api/handler/report.go:20.3,20.19 1 0
github.com/vsp/platform/internal/api/handler/report.go:22.38,22.80 1 0
github.com/vsp/platform/internal/api/handler/report.go:86.63,90.30 4 0
github.com/vsp/platform/internal/api/handler/report.go:90.30,90.92 2 0
github.com/vsp/platform/internal/api/handler/report.go:92.2,94.29 3 0
github.com/vsp/platform/internal/api/handler/report.go:94.29,94.52 1 0
github.com/vsp/platform/internal/api/handler/report.go:94.52,94.74 1 0
github.com/vsp/platform/internal/api/handler/report.go:96.2,97.23 2 0
github.com/vsp/platform/internal/api/handler/report.go:97.23,98.21 1 0
github.com/vsp/platform/internal/api/handler/report.go:99.19,99.43 1 0
github.com/vsp/platform/internal/api/handler/report.go:100.15,100.39 1 0
github.com/vsp/platform/internal/api/handler/report.go:101.17,101.41 1 0
github.com/vsp/platform/internal/api/handler/report.go:102.14,102.38 1 0
github.com/vsp/platform/internal/api/handler/report.go:106.2,107.42 2 0
github.com/vsp/platform/internal/api/handler/report.go:107.42,109.3 1 0
github.com/vsp/platform/internal/api/handler/report.go:110.2,110.29 1 0
github.com/vsp/platform/internal/api/handler/report_executive.go:19.71,24.30 4 0
github.com/vsp/platform/internal/api/handler/report_executive.go:24.30,27.3 2 0
github.com/vsp/platform/internal/api/handler/report_executive.go:29.2,32.29 3 0
github.com/vsp/platform/internal/api/handler/report_executive.go:32.29,33.24 1 0
github.com/vsp/platform/internal/api/handler/report_executive.go:33.24,35.4 1 0
github.com/vsp/platform/internal/api/handler/report_executive.go:38.2,41.16 3 0
github.com/vsp/platform/internal/api/handler/report_executive.go:41.16,44.3 2 0
github.com/vsp/platform/internal/api/handler/report_executive.go:45.2,46.56 2 0
github.com/vsp/platform/internal/api/handler/report_executive.go:46.56,49.3 2 0
github.com/vsp/platform/internal/api/handler/report_executive.go:50.2,66.4 5 0
github.com/vsp/platform/internal/api/handler/report_executive.go:66.4,67.51 1 0
github.com/vsp/platform/internal/api/handler/report_executive.go:67.51,68.12 1 0
github.com/vsp/platform/internal/api/handler/report_executive.go:70.3,70.91 1 0
github.com/vsp/platform/internal/api/handler/report_executive.go:70.91,71.9 1 0
github.com/vsp/platform/internal/api/handler/report_executive.go:75.2,75.43 1 0
github.com/vsp/platform/internal/api/handler/report_executive.go:75.43,82.3 5 0
github.com/vsp/platform/internal/api/handler/report_executive.go:84.2,89.12 5 0
github.com/vsp/platform/internal/api/handler/report_executive.go:109.71,116.29 3 0
github.com/vsp/platform/internal/api/handler/report_executive.go:116.29,117.21 1 0
github.com/vsp/platform/internal/api/handler/report_executive.go:118.19,118.40 1 0
github.com/vsp/platform/internal/api/handler/report_executive.go:119.15,119.36 1 0
github.com/vsp/platform/internal/api/handler/report_executive.go:120.17,120.38 1 0
github.com/vsp/platform/internal/api/handler/report_executive.go:121.14,121.35 1 0
github.com/vsp/platform/internal/api/handler/report_executive.go:123.3,123.20 1 0
github.com/vsp/platform/internal/api/handler/report_executive.go:125.2,130.17 3 0
github.com/vsp/platform/internal/api/handler/report_executive.go:130.17,130.32 1 0
github.com/vsp/platform/internal/api/handler/report_executive.go:131.2,132.9 2 0
github.com/vsp/platform/internal/api/handler/report_executive.go:133.19,133.68 1 0
github.com/vsp/platform/internal/api/handler/report_executive.go:134.19,134.68 1 0
github.com/vsp/platform/internal/api/handler/report_executive.go:135.19,135.68 1 0
github.com/vsp/platform/internal/api/handler/report_executive.go:136.10,136.68 1 0
github.com/vsp/platform/internal/api/handler/report_executive.go:140.2,140.29 1 0
github.com/vsp/platform/internal/api/handler/report_executive.go:140.29,141.55 1 0
github.com/vsp/platform/internal/api/handler/report_executive.go:141.55,143.32 2 0
github.com/vsp/platform/internal/api/handler/report_executive.go:143.32,143.39 1 0
github.com/vsp/platform/internal/api/handler/report_executive.go:148.2,149.16 2 0
github.com/vsp/platform/internal/api/handler/report_executive.go:149.16,149.29 1 0
github.com/vsp/platform/internal/api/handler/report_executive.go:150.2,150.33 1 0
github.com/vsp/platform/internal/api/handler/report_executive.go:150.33,156.3 1 0
github.com/vsp/platform/internal/api/handler/report_executive.go:157.2,157.50 1 0
github.com/vsp/platform/internal/api/handler/report_executive.go:157.50,159.3 1 0
github.com/vsp/platform/internal/api/handler/report_executive.go:162.2,162.28 1 0
github.com/vsp/platform/internal/api/handler/report_executive.go:162.28,165.3 1 0
github.com/vsp/platform/internal/api/handler/report_executive.go:166.2,166.24 1 0
github.com/vsp/platform/internal/api/handler/report_executive.go:166.24,169.3 1 0
github.com/vsp/platform/internal/api/handler/report_executive.go:170.2,170.36 1 0
github.com/vsp/platform/internal/api/handler/report_executive.go:170.36,171.17 1 0
github.com/vsp/platform/internal/api/handler/report_executive.go:171.17,174.9 2 0
github.com/vsp/platform/internal/api/handler/report_executive.go:177.2,177.24 1 0
github.com/vsp/platform/internal/api/handler/report_executive.go:177.24,180.3 1 0
github.com/vsp/platform/internal/api/handler/report_executive.go:180.8,183.3 1 0
github.com/vsp/platform/internal/api/handler/report_executive.go:184.2,184.33 1 0
github.com/vsp/platform/internal/api/handler/report_executive.go:184.33,187.3 1 0
github.com/vsp/platform/internal/api/handler/report_executive.go:189.2,189.10 1 0
github.com/vsp/platform/internal/api/handler/report_executive.go:195.25,195.41 1 0
github.com/vsp/platform/internal/api/handler/report_executive.go:196.36,201.24 2 0
github.com/vsp/platform/internal/api/handler/report_executive.go:201.24,201.36 1 0
github.com/vsp/platform/internal/api/handler/report_executive.go:202.3,202.19 1 0
github.com/vsp/platform/internal/api/handler/report_executive.go:204.35,204.70 1 0
github.com/vsp/platform/internal/api/handler/report_executive.go:399.72,403.30 4 0
github.com/vsp/platform/internal/api/handler/report_executive.go:403.30,406.3 2 0
github.com/vsp/platform/internal/api/handler/report_executive.go:407.2,410.29 3 0
github.com/vsp/platform/internal/api/handler/report_executive.go:410.29,411.24 1 0
github.com/vsp/platform/internal/api/handler/report_executive.go:411.24,413.4 1 0
github.com/vsp/platform/internal/api/handler/report_executive.go:415.2,417.42 3 0
github.com/vsp/platform/internal/api/handler/report_executive.go:417.42,420.3 1 0
github.com/vsp/platform/internal/api/handler/report_executive.go:421.2,421.27 1 0
github.com/vsp/platform/internal/api/handler/runs.go:27.64,36.61 3 0
github.com/vsp/platform/internal/api/handler/runs.go:36.61,39.3 2 0
github.com/vsp/platform/internal/api/handler/runs.go:40.2,40.20 1 0
github.com/vsp/platform/internal/api/handler/runs.go:40.20,40.41 1 0
github.com/vsp/platform/internal/api/handler/runs.go:41.2,41.23 1 0
github.com/vsp/platform/internal/api/handler/runs.go:41.23,41.47 1 0
github.com/vsp/platform/internal/api/handler/runs.go:42.2,42.36 1 0
github.com/vsp/platform/internal/api/handler/runs.go:42.36,45.3 2 0
github.com/vsp/platform/internal/api/handler/runs.go:47.2,47.19 1 0
github.com/vsp/platform/internal/api/handler/runs.go:47.19,48.50 1 0
github.com/vsp/platform/internal/api/handler/runs.go:48.50,51.4 2 0
github.com/vsp/platform/internal/api/handler/runs.go:52.3,52.25 1 0
github.com/vsp/platform/internal/api/handler/runs.go:52.25,55.4 2 0
github.com/vsp/platform/internal/api/handler/runs.go:58.2,58.19 1 0
github.com/vsp/platform/internal/api/handler/runs.go:58.19,60.64 2 0
github.com/vsp/platform/internal/api/handler/runs.go:60.64,63.4 2 0
github.com/vsp/platform/internal/api/handler/runs.go:64.3,64.25 1 0
github.com/vsp/platform/internal/api/handler/runs.go:64.25,67.4 2 0
github.com/vsp/platform/internal/api/handler/runs.go:71.2,85.21 4 0
github.com/vsp/platform/internal/api/handler/runs.go:85.21,85.39 1 0
github.com/vsp/platform/internal/api/handler/runs.go:87.2,90.16 2 0
github.com/vsp/platform/internal/api/handler/runs.go:90.16,93.3 2 0
github.com/vsp/platform/internal/api/handler/runs.go:95.2,97.12 2 0
github.com/vsp/platform/internal/api/handler/runs.go:97.12,111.3 6 0
github.com/vsp/platform/internal/api/handler/runs.go:116.2,126.4 2 0
github.com/vsp/platform/internal/api/handler/runs.go:130.63,133.16 3 0
github.com/vsp/platform/internal/api/handler/runs.go:133.16,136.3 2 0
github.com/vsp/platform/internal/api/handler/runs.go:137.2,137.16 1 0
github.com/vsp/platform/internal/api/handler/runs.go:137.16,140.3 2 0
github.com/vsp/platform/internal/api/handler/runs.go:141.2,141.16 1 0
github.com/vsp/platform/internal/api/handler/runs.go:145.60,149.30 4 0
github.com/vsp/platform/internal/api/handler/runs.go:149.30,152.3 2 0
github.com/vsp/platform/internal/api/handler/runs.go:153.2,153.16 1 0
github.com/vsp/platform/internal/api/handler/runs.go:157.61,163.16 5 0
github.com/vsp/platform/internal/api/handler/runs.go:163.16,166.3 2 0
github.com/vsp/platform/internal/api/handler/runs.go:167.2,167.17 1 0
github.com/vsp/platform/internal/api/handler/runs.go:167.17,167.41 1 0
github.com/vsp/platform/internal/api/handler/runs.go:168.2,172.4 1 0
github.com/vsp/platform/internal/api/handler/runs.go:176.62,179.16 3 0
github.com/vsp/platform/internal/api/handler/runs.go:179.16,182.3 2 0
github.com/vsp/platform/internal/api/handler/runs.go:184.2,197.27 3 0
github.com/vsp/platform/internal/api/handler/runs.go:197.27,199.18 2 0
github.com/vsp/platform/internal/api/handler/runs.go:199.18,199.50 1 0
github.com/vsp/platform/internal/api/handler/runs.go:200.3,211.5 1 0
github.com/vsp/platform/internal/api/handler/runs.go:213.2,213.41 1 0
github.com/vsp/platform/internal/api/handler/runs.go:217.63,220.96 3 0
github.com/vsp/platform/internal/api/handler/runs.go:220.96,223.3 2 0
github.com/vsp/platform/internal/api/handler/runs.go:224.2,224.65 1 0
github.com/vsp/platform/internal/api/handler/runs_enqueue.go:13.53,15.2 1 0
github.com/vsp/platform/internal/api/handler/runs_enqueue.go:18.114,19.20 1 0
github.com/vsp/platform/internal/api/handler/runs_enqueue.go:19.20,22.3 2 0
github.com/vsp/platform/internal/api/handler/runs_enqueue.go:23.2,28.63 2 0
github.com/vsp/platform/internal/api/handler/runs_enqueue.go:28.63,30.3 1 0
github.com/vsp/platform/internal/api/handler/runs_enqueue.go:30.8,32.3 1 0
github.com/vsp/platform/internal/api/handler/runs_enqueue.go:36.115,40.21 2 0
github.com/vsp/platform/internal/api/handler/runs_enqueue.go:40.21,40.39 1 0
github.com/vsp/platform/internal/api/handler/runs_enqueue.go:41.2,42.56 2 0
github.com/vsp/platform/internal/api/handler/sandbox.go:29.64,34.29 5 0
github.com/vsp/platform/internal/api/handler/sandbox.go:34.29,35.36 1 0
github.com/vsp/platform/internal/api/handler/sandbox.go:35.36,35.58 1 0
github.com/vsp/platform/internal/api/handler/sandbox.go:37.2,37.15 1 0
github.com/vsp/platform/internal/api/handler/sandbox.go:37.15,37.40 1 0
github.com/vsp/platform/internal/api/handler/sandbox.go:38.2,38.59 1 0
github.com/vsp/platform/internal/api/handler/sandbox.go:42.68,49.61 3 0
github.com/vsp/platform/internal/api/handler/sandbox.go:49.61,53.3 3 0
github.com/vsp/platform/internal/api/handler/sandbox.go:54.2,81.4 6 0
github.com/vsp/platform/internal/api/handler/sandbox.go:85.65,89.29 4 0
github.com/vsp/platform/internal/api/handler/sandbox.go:89.29,90.36 1 0
github.com/vsp/platform/internal/api/handler/sandbox.go:90.36,90.62 1 0
github.com/vsp/platform/internal/api/handler/sandbox.go:92.2,94.37 3 0
github.com/vsp/platform/internal/api/handler/sbom.go:19.65,23.18 4 0
github.com/vsp/platform/internal/api/handler/sbom.go:23.18,23.42 1 0
github.com/vsp/platform/internal/api/handler/sbom.go:25.2,26.30 2 0
github.com/vsp/platform/internal/api/handler/sbom.go:26.30,28.3 2 0
github.com/vsp/platform/internal/api/handler/sbom.go:30.2,33.29 3 0
github.com/vsp/platform/internal/api/handler/sbom.go:33.29,34.24 1 0
github.com/vsp/platform/internal/api/handler/sbom.go:34.24,34.46 1 0
github.com/vsp/platform/internal/api/handler/sbom.go:37.2,43.12 5 0
github.com/vsp/platform/internal/api/handler/sbom.go:47.62,52.30 4 0
github.com/vsp/platform/internal/api/handler/sbom.go:52.30,54.3 2 0
github.com/vsp/platform/internal/api/handler/sbom.go:56.2,57.18 2 0
github.com/vsp/platform/internal/api/handler/sbom.go:57.18,57.44 1 0
github.com/vsp/platform/internal/api/handler/sbom.go:58.2,58.18 1 0
github.com/vsp/platform/internal/api/handler/sbom.go:58.18,60.3 2 0
github.com/vsp/platform/internal/api/handler/sbom.go:62.2,62.80 1 0
github.com/vsp/platform/internal/api/handler/sbom.go:62.80,63.34 1 0
github.com/vsp/platform/internal/api/handler/sbom.go:63.34,65.4 2 0
github.com/vsp/platform/internal/api/handler/sbom.go:67.2,67.23 1 0
github.com/vsp/platform/internal/api/handler/sbom.go:67.23,69.3 2 0
github.com/vsp/platform/internal/api/handler/sbom.go:72.2,74.16 2 0
github.com/vsp/platform/internal/api/handler/sbom.go:74.16,76.3 2 0
github.com/vsp/platform/internal/api/handler/sbom.go:78.2,81.14 3 0
github.com/vsp/platform/internal/api/handler/sbom.go:124.73,141.29 3 0
github.com/vsp/platform/internal/api/handler/sbom.go:141.29,142.39 1 0
github.com/vsp/platform/internal/api/handler/sbom.go:142.39,142.49 1 0
github.com/vsp/platform/internal/api/handler/sbom.go:143.3,153.5 3 0
github.com/vsp/platform/internal/api/handler/sbom.go:155.2,155.12 1 0
github.com/vsp/platform/internal/api/handler/scheduler.go:20.66,22.19 2 0
github.com/vsp/platform/internal/api/handler/scheduler.go:22.19,22.55 1 0
github.com/vsp/platform/internal/api/handler/scheduler.go:23.2,23.70 1 0
github.com/vsp/platform/internal/api/handler/scheduler.go:27.68,38.61 3 0
github.com/vsp/platform/internal/api/handler/scheduler.go:38.61,40.3 2 0
github.com/vsp/platform/internal/api/handler/scheduler.go:41.2,41.20 1 0
github.com/vsp/platform/internal/api/handler/scheduler.go:41.20,41.63 1 0
github.com/vsp/platform/internal/api/handler/scheduler.go:42.2,42.20 1 0
github.com/vsp/platform/internal/api/handler/scheduler.go:42.20,42.41 1 0
github.com/vsp/platform/internal/api/handler/scheduler.go:43.2,43.23 1 0
github.com/vsp/platform/internal/api/handler/scheduler.go:43.23,43.47 1 0
github.com/vsp/platform/internal/api/handler/scheduler.go:44.2,44.20 1 0
github.com/vsp/platform/internal/api/handler/scheduler.go:44.20,44.46 1 0
github.com/vsp/platform/internal/api/handler/scheduler.go:46.2,47.25 2 0
github.com/vsp/platform/internal/api/handler/scheduler.go:47.25,50.3 2 0
github.com/vsp/platform/internal/api/handler/scheduler.go:51.2,51.30 1 0
github.com/vsp/platform/internal/api/handler/scheduler.go:51.30,52.71 1 0
github.com/vsp/platform/internal/api/handler/scheduler.go:52.71,53.30 1 0
github.com/vsp/platform/internal/api/handler/scheduler.go:53.30,56.5 2 0
github.com/vsp/platform/internal/api/handler/scheduler.go:59.2,71.16 3 0
github.com/vsp/platform/internal/api/handler/scheduler.go:71.16,71.103 2 0
github.com/vsp/platform/internal/api/handler/scheduler.go:72.2,73.14 2 0
github.com/vsp/platform/internal/api/handler/scheduler.go:77.68,82.2 4 0
github.com/vsp/platform/internal/api/handler/scheduler.go:85.73,88.16 3 0
github.com/vsp/platform/internal/api/handler/scheduler.go:88.16,88.84 2 0
github.com/vsp/platform/internal/api/handler/scheduler.go:89.2,89.19 1 0
github.com/vsp/platform/internal/api/handler/scheduler.go:89.19,89.57 1 0
github.com/vsp/platform/internal/api/handler/scheduler.go:90.2,90.67 1 0
github.com/vsp/platform/internal/api/handler/scheduler.go:94.68,98.27 4 0
github.com/vsp/platform/internal/api/handler/scheduler.go:98.27,99.50 1 0
github.com/vsp/platform/internal/api/handler/scheduler.go:99.50,104.4 3 0
github.com/vsp/platform/internal/api/handler/scheduler.go:106.2,106.57 1 0
github.com/vsp/platform/internal/api/handler/scheduler.go:110.68,114.27 4 0
github.com/vsp/platform/internal/api/handler/scheduler.go:114.27,115.50 1 0
github.com/vsp/platform/internal/api/handler/scheduler.go:115.50,121.4 4 0
github.com/vsp/platform/internal/api/handler/scheduler.go:123.2,123.57 1 0
github.com/vsp/platform/internal/api/handler/siem.go:19.61,22.16 3 0
github.com/vsp/platform/internal/api/handler/siem.go:22.16,25.3 2 0
github.com/vsp/platform/internal/api/handler/siem.go:26.2,26.18 1 0
github.com/vsp/platform/internal/api/handler/siem.go:26.18,28.3 1 0
github.com/vsp/platform/internal/api/handler/siem.go:29.2,29.67 1 0
github.com/vsp/platform/internal/api/handler/siem.go:33.63,42.61 3 0
github.com/vsp/platform/internal/api/handler/siem.go:42.61,45.3 2 0
github.com/vsp/platform/internal/api/handler/siem.go:46.2,46.38 1 0
github.com/vsp/platform/internal/api/handler/siem.go:46.38,49.3 2 0
github.com/vsp/platform/internal/api/handler/siem.go:51.2,51.57 1 0
github.com/vsp/platform/internal/api/handler/siem.go:51.57,54.3 2 0
github.com/vsp/platform/internal/api/handler/siem.go:56.2,60.20 2 0
github.com/vsp/platform/internal/api/handler/siem.go:60.20,60.44 1 0
github.com/vsp/platform/internal/api/handler/siem.go:61.2,61.27 1 0
github.com/vsp/platform/internal/api/handler/siem.go:61.27,64.3 2 0
github.com/vsp/platform/internal/api/handler/siem.go:65.2,65.22 1 0
github.com/vsp/platform/internal/api/handler/siem.go:65.22,65.45 1 0
github.com/vsp/platform/internal/api/handler/siem.go:67.2,75.16 2 0
github.com/vsp/platform/internal/api/handler/siem.go:75.16,78.3 2 0
github.com/vsp/platform/internal/api/handler/siem.go:79.2,80.17 2 0
github.com/vsp/platform/internal/api/handler/siem.go:84.63,89.2 4 0
github.com/vsp/platform/internal/api/handler/siem.go:92.61,98.23 5 0
github.com/vsp/platform/internal/api/handler/siem.go:98.23,99.24 1 0
github.com/vsp/platform/internal/api/handler/siem.go:99.24,101.9 2 0
github.com/vsp/platform/internal/api/handler/siem.go:104.2,104.19 1 0
github.com/vsp/platform/internal/api/handler/siem.go:104.19,107.3 2 0
github.com/vsp/platform/internal/api/handler/siem.go:109.2,121.85 3 0
github.com/vsp/platform/internal/api/handler/siem_extended.go:22.73,25.16 3 0
github.com/vsp/platform/internal/api/handler/siem_extended.go:25.16,25.84 2 0
github.com/vsp/platform/internal/api/handler/siem_extended.go:26.2,26.18 1 0
github.com/vsp/platform/internal/api/handler/siem_extended.go:26.18,26.55 1 0
github.com/vsp/platform/internal/api/handler/siem_extended.go:27.2,27.64 1 0
github.com/vsp/platform/internal/api/handler/siem_extended.go:30.74,40.61 3 0
github.com/vsp/platform/internal/api/handler/siem_extended.go:40.61,42.3 2 0
github.com/vsp/platform/internal/api/handler/siem_extended.go:43.2,43.20 1 0
github.com/vsp/platform/internal/api/handler/siem_extended.go:43.20,43.84 2 0
github.com/vsp/platform/internal/api/handler/siem_extended.go:44.2,44.24 1 0
github.com/vsp/platform/internal/api/handler/siem_extended.go:44.24,44.45 1 0
github.com/vsp/platform/internal/api/handler/siem_extended.go:45.2,45.25 1 0
github.com/vsp/platform/internal/api/handler/siem_extended.go:45.25,45.50 1 0
github.com/vsp/platform/internal/api/handler/siem_extended.go:46.2,46.25 1 0
github.com/vsp/platform/internal/api/handler/siem_extended.go:46.25,46.59 1 0
github.com/vsp/platform/internal/api/handler/siem_extended.go:48.2,57.16 2 0
github.com/vsp/platform/internal/api/handler/siem_extended.go:57.16,57.103 2 0
github.com/vsp/platform/internal/api/handler/siem_extended.go:58.2,59.76 2 0
github.com/vsp/platform/internal/api/handler/siem_extended.go:62.74,66.16 4 0
github.com/vsp/platform/internal/api/handler/siem_extended.go:66.16,66.74 2 0
github.com/vsp/platform/internal/api/handler/siem_extended.go:67.2,67.57 1 0
github.com/vsp/platform/internal/api/handler/siem_extended.go:70.74,74.2 3 0
github.com/vsp/platform/internal/api/handler/siem_extended.go:76.77,79.77 3 0
github.com/vsp/platform/internal/api/handler/siem_extended.go:79.77,79.90 1 0
github.com/vsp/platform/internal/api/handler/siem_extended.go:79.90,79.101 1 0
github.com/vsp/platform/internal/api/handler/siem_extended.go:79.103,79.112 1 0
github.com/vsp/platform/internal/api/handler/siem_extended.go:80.2,82.16 2 0
github.com/vsp/platform/internal/api/handler/siem_extended.go:82.16,82.84 2 0
github.com/vsp/platform/internal/api/handler/siem_extended.go:83.2,83.22 1 0
github.com/vsp/platform/internal/api/handler/siem_extended.go:83.22,83.56 1 0
github.com/vsp/platform/internal/api/handler/siem_extended.go:84.2,84.76 1 0
github.com/vsp/platform/internal/api/handler/siem_extended.go:87.78,95.61 3 0
github.com/vsp/platform/internal/api/handler/siem_extended.go:95.61,97.3 2 0
github.com/vsp/platform/internal/api/handler/siem_extended.go:98.2,98.21 1 0
github.com/vsp/platform/internal/api/handler/siem_extended.go:98.21,98.86 2 0
github.com/vsp/platform/internal/api/handler/siem_extended.go:99.2,99.24 1 0
github.com/vsp/platform/internal/api/handler/siem_extended.go:99.24,99.49 1 0
github.com/vsp/platform/internal/api/handler/siem_extended.go:100.2,100.27 1 0
github.com/vsp/platform/internal/api/handler/siem_extended.go:100.27,100.69 1 0
github.com/vsp/platform/internal/api/handler/siem_extended.go:101.2,102.22 2 0
github.com/vsp/platform/internal/api/handler/siem_extended.go:102.22,102.46 1 0
github.com/vsp/platform/internal/api/handler/siem_extended.go:103.2,110.16 2 0
github.com/vsp/platform/internal/api/handler/siem_extended.go:110.16,110.103 2 0
github.com/vsp/platform/internal/api/handler/siem_extended.go:111.2,112.58 2 0
github.com/vsp/platform/internal/api/handler/siem_extended.go:116.79,121.22 5 0
github.com/vsp/platform/internal/api/handler/siem_extended.go:121.22,121.49 1 0
github.com/vsp/platform/internal/api/handler/siem_extended.go:122.2,122.115 1 0
github.com/vsp/platform/internal/api/handler/siem_extended.go:122.115,124.3 2 0
github.com/vsp/platform/internal/api/handler/siem_extended.go:125.2,125.96 1 0
github.com/vsp/platform/internal/api/handler/siem_extended.go:125.96,127.3 2 0
github.com/vsp/platform/internal/api/handler/siem_extended.go:128.2,128.59 1 0
github.com/vsp/platform/internal/api/handler/siem_extended.go:131.75,135.16 4 0
github.com/vsp/platform/internal/api/handler/siem_extended.go:135.16,135.74 2 0
github.com/vsp/platform/internal/api/handler/siem_extended.go:136.2,136.16 1 0
github.com/vsp/platform/internal/api/handler/siem_extended.go:143.70,146.16 3 0
github.com/vsp/platform/internal/api/handler/siem_extended.go:146.16,146.84 2 0
github.com/vsp/platform/internal/api/handler/siem_extended.go:147.2,147.16 1 0
github.com/vsp/platform/internal/api/handler/siem_extended.go:147.16,147.44 1 0
github.com/vsp/platform/internal/api/handler/siem_extended.go:148.2,148.64 1 0
github.com/vsp/platform/internal/api/handler/siem_extended.go:151.71,161.61 3 0
github.com/vsp/platform/internal/api/handler/siem_extended.go:161.61,163.3 2 0
github.com/vsp/platform/internal/api/handler/siem_extended.go:164.2,164.20 1 0
github.com/vsp/platform/internal/api/handler/siem_extended.go:164.20,164.84 2 0
github.com/vsp/platform/internal/api/handler/siem_extended.go:165.2,165.25 1 0
github.com/vsp/platform/internal/api/handler/siem_extended.go:165.25,165.50 1 0
github.com/vsp/platform/internal/api/handler/siem_extended.go:166.2,166.25 1 0
github.com/vsp/platform/internal/api/handler/siem_extended.go:166.25,166.62 1 0
github.com/vsp/platform/internal/api/handler/siem_extended.go:167.2,176.16 2 0
github.com/vsp/platform/internal/api/handler/siem_extended.go:176.16,176.103 2 0
github.com/vsp/platform/internal/api/handler/siem_extended.go:177.2,178.76 2 0
github.com/vsp/platform/internal/api/handler/siem_extended.go:181.71,185.16 4 0
github.com/vsp/platform/internal/api/handler/siem_extended.go:185.16,185.74 2 0
github.com/vsp/platform/internal/api/handler/siem_extended.go:186.2,186.57 1 0
github.com/vsp/platform/internal/api/handler/siem_extended.go:189.68,199.16 6 0
github.com/vsp/platform/internal/api/handler/siem_extended.go:199.16,199.83 2 0
github.com/vsp/platform/internal/api/handler/siem_extended.go:201.2,203.19 3 0
github.com/vsp/platform/internal/api/handler/siem_extended.go:203.19,203.71 1 0
github.com/vsp/platform/internal/api/handler/siem_extended.go:205.2,206.16 2 0
github.com/vsp/platform/internal/api/handler/siem_extended.go:206.16,206.100 2 0
github.com/vsp/platform/internal/api/handler/siem_extended.go:209.2,210.59 2 0
github.com/vsp/platform/internal/api/handler/siem_extended.go:210.59,210.112 1 0
github.com/vsp/platform/internal/api/handler/siem_extended.go:211.2,211.22 1 0
github.com/vsp/platform/internal/api/handler/siem_extended.go:211.22,211.57 1 0
github.com/vsp/platform/internal/api/handler/siem_extended.go:214.2,215.60 2 0
github.com/vsp/platform/internal/api/handler/siem_extended.go:215.60,215.113 1 0
github.com/vsp/platform/internal/api/handler/siem_extended.go:217.2,232.19 2 0
github.com/vsp/platform/internal/api/handler/siem_extended.go:232.19,232.39 1 0
github.com/vsp/platform/internal/api/handler/siem_extended.go:233.2,233.23 1 0
github.com/vsp/platform/internal/api/handler/siem_extended.go:233.23,233.47 1 0
github.com/vsp/platform/internal/api/handler/siem_extended.go:236.2,238.83 2 0
github.com/vsp/platform/internal/api/handler/siem_extended.go:241.64,249.61 3 0
github.com/vsp/platform/internal/api/handler/siem_extended.go:249.61,251.3 2 0
github.com/vsp/platform/internal/api/handler/siem_extended.go:252.2,252.24 1 0
github.com/vsp/platform/internal/api/handler/siem_extended.go:252.24,252.48 1 0
github.com/vsp/platform/internal/api/handler/siem_extended.go:253.2,254.16 2 0
github.com/vsp/platform/internal/api/handler/siem_extended.go:254.16,254.84 2 0
github.com/vsp/platform/internal/api/handler/siem_extended.go:255.2,256.25 2 0
github.com/vsp/platform/internal/api/handler/siem_extended.go:256.25,259.3 2 0
github.com/vsp/platform/internal/api/handler/siem_extended.go:260.2,260.74 1 0
github.com/vsp/platform/internal/api/handler/siem_extended.go:263.65,266.77 3 0
github.com/vsp/platform/internal/api/handler/siem_extended.go:266.77,266.90 1 0
github.com/vsp/platform/internal/api/handler/siem_extended.go:266.90,266.101 1 0
github.com/vsp/platform/internal/api/handler/siem_extended.go:266.103,266.112 1 0
github.com/vsp/platform/internal/api/handler/siem_extended.go:267.2,268.16 2 0
github.com/vsp/platform/internal/api/handler/siem_extended.go:268.16,268.84 2 0
github.com/vsp/platform/internal/api/handler/siem_extended.go:269.2,269.17 1 0
github.com/vsp/platform/internal/api/handler/siem_extended.go:269.17,269.49 1 0
github.com/vsp/platform/internal/api/handler/siem_extended.go:270.2,270.61 1 0
github.com/vsp/platform/internal/api/handler/siem_extended.go:277.67,280.16 3 0
github.com/vsp/platform/internal/api/handler/siem_extended.go:280.16,280.84 2 0
github.com/vsp/platform/internal/api/handler/siem_extended.go:281.2,281.20 1 0
github.com/vsp/platform/internal/api/handler/siem_extended.go:281.20,281.53 1 0
github.com/vsp/platform/internal/api/handler/siem_extended.go:282.2,282.70 1 0
github.com/vsp/platform/internal/api/handler/siem_extended.go:285.69,288.61 3 0
github.com/vsp/platform/internal/api/handler/siem_extended.go:288.61,290.3 2 0
github.com/vsp/platform/internal/api/handler/siem_extended.go:291.2,291.20 1 0
github.com/vsp/platform/internal/api/handler/siem_extended.go:291.20,291.84 2 0
github.com/vsp/platform/internal/api/handler/siem_extended.go:292.2,292.24 1 0
github.com/vsp/platform/internal/api/handler/siem_extended.go:292.24,292.55 1 0
github.com/vsp/platform/internal/api/handler/siem_extended.go:293.2,293.24 1 0
github.com/vsp/platform/internal/api/handler/siem_extended.go:293.24,293.57 1 0
github.com/vsp/platform/internal/api/handler/siem_extended.go:294.2,294.24 1 0
github.com/vsp/platform/internal/api/handler/siem_extended.go:294.24,294.42 1 0
github.com/vsp/platform/internal/api/handler/siem_extended.go:295.2,297.16 3 0
github.com/vsp/platform/internal/api/handler/siem_extended.go:297.16,297.103 2 0
github.com/vsp/platform/internal/api/handler/siem_extended.go:298.2,299.76 2 0
github.com/vsp/platform/internal/api/handler/siem_extended.go:302.69,306.2 3 0
github.com/vsp/platform/internal/api/handler/siem_extended.go:308.67,310.96 2 0
github.com/vsp/platform/internal/api/handler/siem_extended.go:310.96,312.3 2 0
github.com/vsp/platform/internal/api/handler/siem_extended.go:313.2,313.68 1 0
github.com/vsp/platform/internal/api/handler/siem_extended.go:316.68,333.2 7 0
github.com/vsp/platform/internal/api/handler/siem_extended.go:339.72,341.77 2 0
github.com/vsp/platform/internal/api/handler/siem_extended.go:341.77,341.90 1 0
github.com/vsp/platform/internal/api/handler/siem_extended.go:341.90,341.101 1 0
github.com/vsp/platform/internal/api/handler/siem_extended.go:341.103,341.112 1 0
github.com/vsp/platform/internal/api/handler/siem_extended.go:342.2,343.16 2 0
github.com/vsp/platform/internal/api/handler/siem_extended.go:343.16,343.84 2 0
github.com/vsp/platform/internal/api/handler/siem_extended.go:344.2,344.17 1 0
github.com/vsp/platform/internal/api/handler/siem_extended.go:344.17,344.41 1 0
github.com/vsp/platform/internal/api/handler/siem_extended.go:345.2,345.61 1 0
github.com/vsp/platform/internal/api/handler/siem_extended.go:348.73,357.29 4 0
github.com/vsp/platform/internal/api/handler/siem_extended.go:357.29,360.25 3 0
github.com/vsp/platform/internal/api/handler/siem_extended.go:360.25,360.73 1 0
github.com/vsp/platform/internal/api/handler/siem_extended.go:361.3,361.69 1 0
github.com/vsp/platform/internal/api/handler/siem_extended.go:363.2,363.64 1 0
github.com/vsp/platform/internal/api/handler/siem_extended.go:366.71,368.61 2 0
github.com/vsp/platform/internal/api/handler/siem_extended.go:368.61,368.74 1 0
github.com/vsp/platform/internal/api/handler/siem_extended.go:369.2,370.16 2 0
github.com/vsp/platform/internal/api/handler/siem_extended.go:370.16,370.84 2 0
github.com/vsp/platform/internal/api/handler/siem_extended.go:371.2,372.27 2 0
github.com/vsp/platform/internal/api/handler/siem_extended.go:372.27,373.18 1 0
github.com/vsp/platform/internal/api/handler/siem_extended.go:373.18,373.52 1 0
github.com/vsp/platform/internal/api/handler/siem_extended.go:375.2,375.70 1 0
github.com/vsp/platform/internal/api/handler/siem_extended.go:378.69,390.34 4 0
github.com/vsp/platform/internal/api/handler/siem_extended.go:390.34,392.3 1 0
github.com/vsp/platform/internal/api/handler/siem_extended.go:393.2,405.47 2 0
github.com/vsp/platform/internal/api/handler/siem_extended.go:408.73,411.2 2 0
github.com/vsp/platform/internal/api/handler/sla.go:23.63,27.52 4 0
github.com/vsp/platform/internal/api/handler/sla.go:27.52,27.76 1 0
github.com/vsp/platform/internal/api/handler/sla.go:28.2,29.16 2 0
github.com/vsp/platform/internal/api/handler/sla.go:29.16,29.84 2 0
github.com/vsp/platform/internal/api/handler/sla.go:31.2,34.21 4 0
github.com/vsp/platform/internal/api/handler/sla.go:34.21,34.47 1 0
github.com/vsp/platform/internal/api/handler/sla.go:36.2,37.29 2 0
github.com/vsp/platform/internal/api/handler/sla.go:37.29,39.10 2 0
github.com/vsp/platform/internal/api/handler/sla.go:39.10,39.20 1 0
github.com/vsp/platform/internal/api/handler/sla.go:40.3,43.37 4 0
github.com/vsp/platform/internal/api/handler/sla.go:43.37,43.51 1 0
github.com/vsp/platform/internal/api/handler/sla.go:46.2,47.65 2 0
github.com/vsp/platform/internal/api/handler/sla.go:47.65,50.17 3 0
github.com/vsp/platform/internal/api/handler/sla.go:50.17,50.55 1 0
github.com/vsp/platform/internal/api/handler/sla.go:51.3,52.19 2 0
github.com/vsp/platform/internal/api/handler/sla.go:52.19,52.37 1 0
github.com/vsp/platform/internal/api/handler/sla.go:52.42,52.74 1 0
github.com/vsp/platform/internal/api/handler/sla.go:52.74,52.95 1 0
github.com/vsp/platform/internal/api/handler/sla.go:53.3,60.5 1 0
github.com/vsp/platform/internal/api/handler/sla.go:62.2,62.57 1 0
github.com/vsp/platform/internal/api/handler/sla.go:66.67,69.16 3 0
github.com/vsp/platform/internal/api/handler/sla.go:69.16,69.84 2 0
github.com/vsp/platform/internal/api/handler/sla.go:71.2,73.27 3 0
github.com/vsp/platform/internal/api/handler/sla.go:73.27,74.27 1 0
github.com/vsp/platform/internal/api/handler/sla.go:74.27,74.37 1 0
github.com/vsp/platform/internal/api/handler/sla.go:75.3,75.52 1 0
github.com/vsp/platform/internal/api/handler/sla.go:75.52,79.4 3 0
github.com/vsp/platform/internal/api/handler/sla.go:80.3,80.25 1 0
github.com/vsp/platform/internal/api/handler/sla.go:80.25,80.40 1 0
github.com/vsp/platform/internal/api/handler/sla.go:80.45,80.68 1 0
github.com/vsp/platform/internal/api/handler/sla.go:80.68,80.83 1 0
github.com/vsp/platform/internal/api/handler/sla.go:82.2,83.15 2 0
github.com/vsp/platform/internal/api/handler/sla.go:83.15,83.44 1 0
github.com/vsp/platform/internal/api/handler/sla.go:84.2,86.15 3 0
github.com/vsp/platform/internal/api/handler/sla.go:86.15,86.71 1 0
github.com/vsp/platform/internal/api/handler/sla.go:88.2,98.4 1 0
github.com/vsp/platform/internal/api/handler/sso.go:20.66,25.18 2 0
github.com/vsp/platform/internal/api/handler/sso.go:25.18,25.30 1 0
github.com/vsp/platform/internal/api/handler/sso.go:27.2,27.62 1 0
github.com/vsp/platform/internal/api/handler/sso.go:27.62,28.24 1 0
github.com/vsp/platform/internal/api/handler/sso.go:28.24,28.56 1 0
github.com/vsp/platform/internal/api/handler/sso.go:29.3,29.25 1 0
github.com/vsp/platform/internal/api/handler/sso.go:29.25,29.59 1 0
github.com/vsp/platform/internal/api/handler/sso.go:30.3,30.28 1 0
github.com/vsp/platform/internal/api/handler/sso.go:30.28,30.68 1 0
github.com/vsp/platform/internal/api/handler/sso.go:31.3,31.27 1 0
github.com/vsp/platform/internal/api/handler/sso.go:31.27,31.57 1 0
github.com/vsp/platform/internal/api/handler/sso.go:33.2,38.10 2 0
github.com/vsp/platform/internal/api/handler/sso.go:41.30,41.57 1 0
github.com/vsp/platform/internal/api/handler/sso.go:44.61,45.18 1 0
github.com/vsp/platform/internal/api/handler/sso.go:45.18,48.3 2 0
github.com/vsp/platform/internal/api/handler/sso.go:49.2,50.16 2 0
github.com/vsp/platform/internal/api/handler/sso.go:50.16,53.3 2 0
github.com/vsp/platform/internal/api/handler/sso.go:54.2,58.69 4 0
github.com/vsp/platform/internal/api/handler/sso.go:62.64,63.18 1 0
github.com/vsp/platform/internal/api/handler/sso.go:63.18,66.3 2 0
github.com/vsp/platform/internal/api/handler/sso.go:68.2,76.37 7 0
github.com/vsp/platform/internal/api/handler/sso.go:76.37,79.3 2 0
github.com/vsp/platform/internal/api/handler/sso.go:82.2,83.16 2 0
github.com/vsp/platform/internal/api/handler/sso.go:83.16,87.3 3 0
github.com/vsp/platform/internal/api/handler/sso.go:90.2,91.36 2 0
github.com/vsp/platform/internal/api/handler/sso.go:91.36,95.3 3 0
github.com/vsp/platform/internal/api/handler/sso.go:97.2,103.16 4 0
github.com/vsp/platform/internal/api/handler/sso.go:103.16,106.3 2 0
github.com/vsp/platform/internal/api/handler/sso.go:109.2,109.43 1 0
github.com/vsp/platform/internal/api/handler/sso.go:109.43,117.3 2 0
github.com/vsp/platform/internal/api/handler/sso.go:120.2,130.18 3 0
github.com/vsp/platform/internal/api/handler/sso.go:134.65,135.18 1 0
github.com/vsp/platform/internal/api/handler/sso.go:135.18,138.3 2 0
github.com/vsp/platform/internal/api/handler/sso.go:139.2,145.4 1 0
github.com/vsp/platform/internal/api/handler/swagger.go:24.58,25.59 1 0
github.com/vsp/platform/internal/api/handler/swagger.go:25.59,29.3 3 0
github.com/vsp/platform/internal/api/handler/swagger.go:31.2,37.12 6 0
github.com/vsp/platform/internal/api/handler/swagger.go:41.56,45.31 2 0
github.com/vsp/platform/internal/api/handler/swagger.go:45.31,47.57 2 0
github.com/vsp/platform/internal/api/handler/swagger.go:47.57,49.4 1 0
github.com/vsp/platform/internal/api/handler/swagger.go:50.3,53.28 2 0
github.com/vsp/platform/internal/api/handler/swagger.go:53.28,56.4 2 0
github.com/vsp/platform/internal/api/handler/swagger.go:58.2,85.11 3 0
github.com/vsp/platform/internal/api/handler/swagger.go:88.45,90.18 2 0
github.com/vsp/platform/internal/api/handler/swagger.go:90.18,90.38 1 0
github.com/vsp/platform/internal/api/handler/swagger.go:91.2,211.3 1 0
github.com/vsp/platform/internal/api/handler/tenants.go:12.69,25.16 4 0
github.com/vsp/platform/internal/api/handler/tenants.go:25.16,28.3 2 0
github.com/vsp/platform/internal/api/handler/tenants.go:29.2,32.18 3 0
github.com/vsp/platform/internal/api/handler/tenants.go:32.18,37.3 4 0
github.com/vsp/platform/internal/api/handler/tenants.go:38.2,38.20 1 0
github.com/vsp/platform/internal/api/handler/tenants.go:38.20,40.3 1 0
github.com/vsp/platform/internal/api/handler/tenants.go:41.2,41.85 1 0
github.com/vsp/platform/internal/api/handler/ueba.go:16.70,27.16 3 0
github.com/vsp/platform/internal/api/handler/ueba.go:27.16,30.3 2 0
github.com/vsp/platform/internal/api/handler/ueba.go:31.2,41.18 4 0
github.com/vsp/platform/internal/api/handler/ueba.go:41.18,45.3 3 0
github.com/vsp/platform/internal/api/handler/ueba.go:46.2,46.16 1 0
github.com/vsp/platform/internal/api/handler/ueba.go:46.16,46.37 1 0
github.com/vsp/platform/internal/api/handler/ueba.go:47.2,47.64 1 0
github.com/vsp/platform/internal/api/handler/ueba.go:51.64,55.16 4 0
github.com/vsp/platform/internal/api/handler/ueba.go:55.16,58.3 2 0
github.com/vsp/platform/internal/api/handler/ueba.go:60.2,61.30 2 0
github.com/vsp/platform/internal/api/handler/ueba.go:61.30,62.19 1 0
github.com/vsp/platform/internal/api/handler/ueba.go:62.19,62.29 1 0
github.com/vsp/platform/internal/api/handler/ueba.go:63.3,73.10 3 0
github.com/vsp/platform/internal/api/handler/ueba.go:75.2,80.4 1 0
github.com/vsp/platform/internal/api/handler/ueba.go:84.65,109.2 6 0
github.com/vsp/platform/internal/api/handler/ueba.go:112.65,126.16 3 0
github.com/vsp/platform/internal/api/handler/ueba.go:126.16,129.3 2 0
github.com/vsp/platform/internal/api/handler/ueba.go:130.2,139.18 4 0
github.com/vsp/platform/internal/api/handler/ueba.go:139.18,143.3 3 0
github.com/vsp/platform/internal/api/handler/ueba.go:144.2,144.16 1 0
github.com/vsp/platform/internal/api/handler/ueba.go:144.16,144.35 1 0
github.com/vsp/platform/internal/api/handler/ueba.go:145.2,145.63 1 0
github.com/vsp/platform/internal/api/handler/users.go:19.62,25.16 5 0
github.com/vsp/platform/internal/api/handler/users.go:25.16,28.3 2 0
github.com/vsp/platform/internal/api/handler/users.go:29.2,34.4 1 0
github.com/vsp/platform/internal/api/handler/users.go:38.64,46.61 3 0
github.com/vsp/platform/internal/api/handler/users.go:46.61,49.3 2 0
github.com/vsp/platform/internal/api/handler/users.go:50.2,50.43 1 0
github.com/vsp/platform/internal/api/handler/users.go:50.43,53.3 2 0
github.com/vsp/platform/internal/api/handler/users.go:55.2,56.20 2 0
github.com/vsp/platform/internal/api/handler/users.go:56.20,56.44 1 0
github.com/vsp/platform/internal/api/handler/users.go:57.2,57.27 1 0
github.com/vsp/platform/internal/api/handler/users.go:57.27,60.3 2 0
github.com/vsp/platform/internal/api/handler/users.go:62.2,62.27 1 0
github.com/vsp/platform/internal/api/handler/users.go:62.27,65.3 2 0
github.com/vsp/platform/internal/api/handler/users.go:67.2,68.16 2 0
github.com/vsp/platform/internal/api/handler/users.go:68.16,71.3 2 0
github.com/vsp/platform/internal/api/handler/users.go:73.2,74.16 2 0
github.com/vsp/platform/internal/api/handler/users.go:74.16,77.3 2 0
github.com/vsp/platform/internal/api/handler/users.go:78.2,79.17 2 0
github.com/vsp/platform/internal/api/handler/users.go:83.64,86.74 3 0
github.com/vsp/platform/internal/api/handler/users.go:86.74,89.3 2 0
github.com/vsp/platform/internal/api/handler/users.go:90.2,90.37 1 0
github.com/vsp/platform/internal/api/handler/users.go:93.57,95.13 2 0
github.com/vsp/platform/internal/api/handler/users.go:95.13,95.27 1 0
github.com/vsp/platform/internal/api/handler/users.go:96.2,97.16 2 0
github.com/vsp/platform/internal/api/handler/users.go:97.16,97.30 1 0
github.com/vsp/platform/internal/api/handler/users.go:98.2,98.10 1 0
github.com/vsp/platform/internal/api/handler/ws.go:14.29,14.49 1 0
github.com/vsp/platform/internal/api/handler/ws.go:24.39,27.28 3 0
github.com/vsp/platform/internal/api/handler/ws.go:27.28,28.10 1 0
github.com/vsp/platform/internal/api/handler/ws.go:29.18,29.18 0 0
github.com/vsp/platform/internal/api/handler/ws.go:30.11,30.11 0 0
github.com/vsp/platform/internal/api/handler/ws.go:35.44,35.102 3 0
github.com/vsp/platform/internal/api/handler/ws.go:36.44,36.97 3 0
github.com/vsp/platform/internal/api/handler/ws.go:39.57,41.20 2 0
github.com/vsp/platform/internal/api/handler/ws.go:41.20,43.3 1 0
github.com/vsp/platform/internal/api/handler/ws.go:44.2,44.42 1 0
github.com/vsp/platform/internal/api/handler/ws.go:44.42,47.3 2 0
github.com/vsp/platform/internal/api/handler/ws.go:48.2,49.35 1 0
github.com/vsp/platform/internal/api/handler/ws.go:49.35,50.55 1 0
github.com/vsp/platform/internal/api/handler/ws.go:50.55,52.5 1 0
github.com/vsp/platform/internal/api/handler/ws.go:53.4,53.36 1 0
github.com/vsp/platform/internal/api/handler/ws.go:55.2,55.19 1 0
github.com/vsp/platform/internal/api/handler/ws.go:55.19,58.3 2 0
github.com/vsp/platform/internal/api/handler/ws.go:59.2,70.35 9 0
github.com/vsp/platform/internal/api/handler/ws.go:70.35,70.48 1 0
github.com/vsp/platform/internal/api/handler/ws.go:72.2,76.6 4 0
github.com/vsp/platform/internal/api/handler/ws.go:76.6,77.10 1 0
github.com/vsp/platform/internal/api/handler/ws.go:78.29,79.10 1 0
github.com/vsp/platform/internal/api/handler/ws.go:80.19,83.37 2 0
github.com/vsp/platform/internal/api/handler/ws.go:83.37,83.50 1 0
github.com/vsp/platform/internal/api/handler/ws.go:84.20,86.37 2 0
github.com/vsp/platform/internal/api/handler/ws.go:86.37,86.50 1 0
github.com/vsp/platform/internal/api/handler/ws_upgrade.go:16.63,18.28 2 0
github.com/vsp/platform/internal/api/handler/ws_upgrade.go:18.28,20.21 2 0
github.com/vsp/platform/internal/api/handler/ws_upgrade.go:20.21,22.4 1 0
github.com/vsp/platform/internal/api/handler/ws_upgrade.go:23.3,23.21 1 0
github.com/vsp/platform/internal/api/handler/ws_upgrade.go:23.21,26.4 2 0
github.com/vsp/platform/internal/api/handler/ws_upgrade.go:27.3,28.9 2 0
github.com/vsp/platform/internal/api/handler/ws_upgrade.go:30.2,30.18 1 0
github.com/vsp/platform/internal/api/handler/ws_upgrade.go:33.54,35.15 2 0
github.com/vsp/platform/internal/api/handler/ws_upgrade.go:35.15,38.3 2 0
github.com/vsp/platform/internal/api/handler/ws_upgrade.go:39.2,40.9 2 0
github.com/vsp/platform/internal/api/handler/ws_upgrade.go:40.9,43.3 2 0
github.com/vsp/platform/internal/api/handler/ws_upgrade.go:44.2,45.16 2 0
github.com/vsp/platform/internal/api/handler/ws_upgrade.go:45.16,47.3 1 0
github.com/vsp/platform/internal/api/handler/ws_upgrade.go:48.2,68.6 15 0
github.com/vsp/platform/internal/api/handler/ws_upgrade.go:68.6,69.10 1 0
github.com/vsp/platform/internal/api/handler/ws_upgrade.go:70.29,72.10 2 0
github.com/vsp/platform/internal/api/handler/ws_upgrade.go:73.17,75.60 2 0
github.com/vsp/platform/internal/api/handler/ws_upgrade.go:75.60,77.5 1 0
github.com/vsp/platform/internal/api/handler/ws_upgrade.go:78.24,79.11 1 0
github.com/vsp/platform/internal/api/handler/ws_upgrade.go:79.11,81.5 1 0
github.com/vsp/platform/internal/api/handler/ws_upgrade.go:82.4,82.57 1 0
github.com/vsp/platform/internal/api/handler/ws_upgrade.go:82.57,84.5 1 0
github.com/vsp/platform/internal/api/handler/ws_upgrade.go:89.37,93.2 3 0
github.com/vsp/platform/internal/api/handler/ws_upgrade.go:95.51,98.19 3 0
github.com/vsp/platform/internal/api/handler/ws_upgrade.go:98.19,103.3 4 0
github.com/vsp/platform/internal/api/handler/ws_upgrade.go:103.8,110.3 6 0
github.com/vsp/platform/internal/api/handler/ws_upgrade.go:111.2,113.12 3 0
